2015-10-31 7:21:07 - PHP Notice:  Error: Could not load model C:/xampp/htdocs/lebanse/admin/model/feed/hansoftz_feed.php! in C:\xampp\htdocs\lebanse\system\engine\loader.php on line 63
2015-10-31 7:44:58 - PHP Notice:  Undefined variable: category_total in C:\xampp\htdocs\lebanse\admin\controller\feed\hansoftz_feed.php on line 177
2015-10-31 7:44:58 - PHP Notice:  Undefined variable: category_total in C:\xampp\htdocs\lebanse\admin\controller\feed\hansoftz_feed.php on line 184
2015-10-31 7:44:58 - PHP Notice:  Undefined variable: category_total in C:\xampp\htdocs\lebanse\admin\controller\feed\hansoftz_feed.php on line 184
2015-10-31 7:44:58 - PHP Notice:  Undefined variable: category_total in C:\xampp\htdocs\lebanse\admin\controller\feed\hansoftz_feed.php on line 184
2015-10-31 7:44:58 - PHP Notice:  Undefined variable: category_total in C:\xampp\htdocs\lebanse\admin\controller\feed\hansoftz_feed.php on line 184
2015-10-31 7:44:58 - PHP Notice:  Undefined variable: category_total in C:\xampp\htdocs\lebanse\admin\controller\feed\hansoftz_feed.php on line 184
2015-10-31 7:44:58 - PHP Notice:  Error: Could not load template C:/xampp/htdocs/lebanse/admin/view/template/feed/hansoftz_feed_category.tpl! in C:\xampp\htdocs\lebanse\system\engine\loader.php on line 86
2015-10-31 15:59:05 - PHP Notice:  Undefined variable: setting in C:\xampp\htdocs\lebanse\admin\view\template\feed\hansoftz_feed.tpl on line 3
2015-10-31 16:03:15 - PHP Notice:  Undefined variable: settings in C:\xampp\htdocs\lebanse\admin\view\template\feed\hansoftz_feed.tpl on line 5
2015-10-31 16:05:58 - PHP Notice:  Undefined index: settings in C:\xampp\htdocs\lebanse\admin\controller\feed\hansoftz_feed.php on line 69
2015-10-31 16:08:33 - PHP Notice:  Undefined index: settings in C:\xampp\htdocs\lebanse\admin\controller\feed\hansoftz_feed.php on line 69
2015-11-01 6:23:26 - PHP Warning:  curl_setopt(): You must pass either an object or an array with the CURLOPT_HTTPHEADER, CURLOPT_QUOTE, CURLOPT_HTTP200ALIASES and CURLOPT_POSTQUOTE arguments in C:\xampp\htdocs\lebanse\admin\model\feed\hansoftz_feed.php on line 65
2015-11-01 6:27:24 - PHP Warning:  curl_setopt(): You must pass either an object or an array with the CURLOPT_HTTPHEADER, CURLOPT_QUOTE, CURLOPT_HTTP200ALIASES and CURLOPT_POSTQUOTE arguments in C:\xampp\htdocs\lebanse\admin\model\feed\hansoftz_feed.php on line 65
2015-11-02 13:21:02 - PHP Notice:  Undefined property: stdClass::$productBrand in C:\xampp\htdocs\lebanse\admin\model\feed\hansoftz_feed.php on line 120
2015-11-02 13:21:02 - PHP Notice:  Undefined property: ModelFeedHansoftzFeedOpencartBridge::$db in C:\xampp\htdocs\lebanse\admin\model\feed\hansoftz_feed_opencart_bridge.php on line 88
2015-11-02 13:21:37 - PHP Notice:  Undefined property: ModelFeedHansoftzFeedOpencartBridge::$db in C:\xampp\htdocs\lebanse\admin\model\feed\hansoftz_feed_opencart_bridge.php on line 88
2015-11-02 14:09:55 - PHP Notice:  Undefined variable: categoryData in C:\xampp\htdocs\lebanse\admin\model\feed\hansoftz_feed.php on line 136
2015-11-02 14:09:55 - PHP Notice:  Undefined variable: categoryData in C:\xampp\htdocs\lebanse\admin\model\feed\hansoftz_feed.php on line 136
2015-11-02 14:09:55 - PHP Notice:  Undefined variable: categoryData in C:\xampp\htdocs\lebanse\admin\model\feed\hansoftz_feed.php on line 136
2015-11-02 14:09:55 - PHP Notice:  Undefined variable: categoryData in C:\xampp\htdocs\lebanse\admin\model\feed\hansoftz_feed.php on line 136
2015-11-02 14:09:55 - PHP Notice:  Undefined variable: categoryData in C:\xampp\htdocs\lebanse\admin\model\feed\hansoftz_feed.php on line 136
2015-11-02 14:09:55 - PHP Notice:  Undefined variable: categoryData in C:\xampp\htdocs\lebanse\admin\model\feed\hansoftz_feed.php on line 136
2015-11-02 14:09:55 - PHP Notice:  Undefined variable: categoryData in C:\xampp\htdocs\lebanse\admin\model\feed\hansoftz_feed.php on line 136
2015-11-02 14:09:55 - PHP Notice:  Undefined variable: categoryData in C:\xampp\htdocs\lebanse\admin\model\feed\hansoftz_feed.php on line 136
2015-11-02 14:09:55 - PHP Notice:  Undefined variable: categoryData in C:\xampp\htdocs\lebanse\admin\model\feed\hansoftz_feed.php on line 136
2015-11-02 14:09:55 - PHP Notice:  Undefined variable: categoryData in C:\xampp\htdocs\lebanse\admin\model\feed\hansoftz_feed.php on line 136
2015-11-02 14:09:55 - PHP Notice:  Undefined variable: categoryData in C:\xampp\htdocs\lebanse\admin\model\feed\hansoftz_feed.php on line 136
2015-11-02 14:09:55 - PHP Notice:  Undefined variable: categoryData in C:\xampp\htdocs\lebanse\admin\model\feed\hansoftz_feed.php on line 136
2015-11-02 14:09:55 - PHP Notice:  Undefined variable: categoryData in C:\xampp\htdocs\lebanse\admin\model\feed\hansoftz_feed.php on line 136
2015-11-02 14:09:55 - PHP Notice:  Undefined variable: categoryData in C:\xampp\htdocs\lebanse\admin\model\feed\hansoftz_feed.php on line 136
2015-11-02 14:09:55 - PHP Notice:  Undefined variable: categoryData in C:\xampp\htdocs\lebanse\admin\model\feed\hansoftz_feed.php on line 136
2015-11-02 14:09:55 - PHP Notice:  Undefined variable: categoryData in C:\xampp\htdocs\lebanse\admin\model\feed\hansoftz_feed.php on line 136
2015-11-02 14:09:55 - PHP Notice:  Undefined variable: categoryData in C:\xampp\htdocs\lebanse\admin\model\feed\hansoftz_feed.php on line 136
2015-11-02 14:09:55 - PHP Notice:  Undefined variable: categoryData in C:\xampp\htdocs\lebanse\admin\model\feed\hansoftz_feed.php on line 136
2015-11-02 14:09:55 - PHP Notice:  Undefined variable: categoryData in C:\xampp\htdocs\lebanse\admin\model\feed\hansoftz_feed.php on line 136
2015-11-02 14:09:55 - PHP Notice:  Undefined variable: categoryData in C:\xampp\htdocs\lebanse\admin\model\feed\hansoftz_feed.php on line 136
2015-11-02 14:09:55 - PHP Notice:  Undefined variable: categoryData in C:\xampp\htdocs\lebanse\admin\model\feed\hansoftz_feed.php on line 136
2015-11-02 14:09:55 - PHP Notice:  Undefined variable: categoryData in C:\xampp\htdocs\lebanse\admin\model\feed\hansoftz_feed.php on line 136
2015-11-02 14:09:55 - PHP Notice:  Undefined variable: categoryData in C:\xampp\htdocs\lebanse\admin\model\feed\hansoftz_feed.php on line 136
2015-11-02 14:09:55 - PHP Notice:  Undefined variable: categoryData in C:\xampp\htdocs\lebanse\admin\model\feed\hansoftz_feed.php on line 136
2015-11-02 14:09:55 - PHP Notice:  Undefined variable: categoryData in C:\xampp\htdocs\lebanse\admin\model\feed\hansoftz_feed.php on line 136
2015-11-02 14:09:55 - PHP Notice:  Undefined variable: categoryData in C:\xampp\htdocs\lebanse\admin\model\feed\hansoftz_feed.php on line 136
2015-11-02 14:09:55 - PHP Notice:  Undefined variable: categoryData in C:\xampp\htdocs\lebanse\admin\model\feed\hansoftz_feed.php on line 136
2015-11-02 14:09:55 - PHP Notice:  Undefined variable: categoryData in C:\xampp\htdocs\lebanse\admin\model\feed\hansoftz_feed.php on line 136
2015-11-02 14:09:55 - PHP Notice:  Undefined variable: categoryData in C:\xampp\htdocs\lebanse\admin\model\feed\hansoftz_feed.php on line 136
2015-11-02 14:09:55 - PHP Notice:  Undefined variable: categoryData in C:\xampp\htdocs\lebanse\admin\model\feed\hansoftz_feed.php on line 136
2015-11-02 14:09:55 - PHP Notice:  Undefined variable: categoryData in C:\xampp\htdocs\lebanse\admin\model\feed\hansoftz_feed.php on line 136
2015-11-02 14:09:55 - PHP Notice:  Undefined variable: categoryData in C:\xampp\htdocs\lebanse\admin\model\feed\hansoftz_feed.php on line 136
2015-11-02 14:09:55 - PHP Notice:  Undefined variable: categoryData in C:\xampp\htdocs\lebanse\admin\model\feed\hansoftz_feed.php on line 136
2015-11-02 14:09:55 - PHP Notice:  Undefined variable: categoryData in C:\xampp\htdocs\lebanse\admin\model\feed\hansoftz_feed.php on line 136
2015-11-02 14:09:55 - PHP Notice:  Undefined variable: categoryData in C:\xampp\htdocs\lebanse\admin\model\feed\hansoftz_feed.php on line 136
2015-11-02 14:09:55 - PHP Notice:  Undefined variable: categoryData in C:\xampp\htdocs\lebanse\admin\model\feed\hansoftz_feed.php on line 136
2015-11-02 14:09:55 - PHP Notice:  Undefined variable: categoryData in C:\xampp\htdocs\lebanse\admin\model\feed\hansoftz_feed.php on line 136
2015-11-02 14:09:55 - PHP Notice:  Undefined variable: categoryData in C:\xampp\htdocs\lebanse\admin\model\feed\hansoftz_feed.php on line 136
2015-11-02 14:09:55 - PHP Notice:  Undefined variable: categoryData in C:\xampp\htdocs\lebanse\admin\model\feed\hansoftz_feed.php on line 136
2015-11-02 14:09:55 - PHP Notice:  Undefined variable: categoryData in C:\xampp\htdocs\lebanse\admin\model\feed\hansoftz_feed.php on line 136
2015-11-02 14:09:55 - PHP Notice:  Undefined variable: categoryData in C:\xampp\htdocs\lebanse\admin\model\feed\hansoftz_feed.php on line 136
2015-11-02 14:09:55 - PHP Notice:  Undefined variable: categoryData in C:\xampp\htdocs\lebanse\admin\model\feed\hansoftz_feed.php on line 136
2015-11-02 14:09:55 - PHP Notice:  Undefined variable: categoryData in C:\xampp\htdocs\lebanse\admin\model\feed\hansoftz_feed.php on line 136
2015-11-02 14:09:55 - PHP Notice:  Undefined variable: categoryData in C:\xampp\htdocs\lebanse\admin\model\feed\hansoftz_feed.php on line 136
2015-11-02 14:09:55 - PHP Notice:  Undefined variable: categoryData in C:\xampp\htdocs\lebanse\admin\model\feed\hansoftz_feed.php on line 136
2015-11-02 14:09:55 - PHP Notice:  Undefined variable: categoryData in C:\xampp\htdocs\lebanse\admin\model\feed\hansoftz_feed.php on line 136
2015-11-02 14:09:55 - PHP Notice:  Undefined variable: categoryData in C:\xampp\htdocs\lebanse\admin\model\feed\hansoftz_feed.php on line 136
2015-11-02 14:09:55 - PHP Notice:  Undefined variable: categoryData in C:\xampp\htdocs\lebanse\admin\model\feed\hansoftz_feed.php on line 136
2015-11-02 14:09:55 - PHP Notice:  Undefined variable: categoryData in C:\xampp\htdocs\lebanse\admin\model\feed\hansoftz_feed.php on line 136
2015-11-02 14:09:55 - PHP Notice:  Undefined variable: categoryData in C:\xampp\htdocs\lebanse\admin\model\feed\hansoftz_feed.php on line 136
2015-11-02 14:09:55 - PHP Notice:  Undefined variable: categoryData in C:\xampp\htdocs\lebanse\admin\model\feed\hansoftz_feed.php on line 136
2015-11-02 14:09:55 - PHP Notice:  Undefined variable: categoryData in C:\xampp\htdocs\lebanse\admin\model\feed\hansoftz_feed.php on line 136
2015-11-02 14:09:55 - PHP Notice:  Undefined variable: categoryData in C:\xampp\htdocs\lebanse\admin\model\feed\hansoftz_feed.php on line 136
2015-11-02 14:09:55 - PHP Notice:  Undefined variable: categoryData in C:\xampp\htdocs\lebanse\admin\model\feed\hansoftz_feed.php on line 136
2015-11-02 14:09:55 - PHP Notice:  Undefined variable: categoryData in C:\xampp\htdocs\lebanse\admin\model\feed\hansoftz_feed.php on line 136
2015-11-02 14:09:55 - PHP Notice:  Undefined variable: categoryData in C:\xampp\htdocs\lebanse\admin\model\feed\hansoftz_feed.php on line 136
2015-11-02 14:09:55 - PHP Notice:  Undefined variable: categoryData in C:\xampp\htdocs\lebanse\admin\model\feed\hansoftz_feed.php on line 136
2015-11-02 14:09:55 - PHP Notice:  Undefined variable: categoryData in C:\xampp\htdocs\lebanse\admin\model\feed\hansoftz_feed.php on line 136
2015-11-02 14:09:55 - PHP Notice:  Undefined variable: categoryData in C:\xampp\htdocs\lebanse\admin\model\feed\hansoftz_feed.php on line 136
2015-11-02 14:09:55 - PHP Notice:  Undefined variable: categoryData in C:\xampp\htdocs\lebanse\admin\model\feed\hansoftz_feed.php on line 136
2015-11-02 14:09:55 - PHP Notice:  Undefined variable: categoryData in C:\xampp\htdocs\lebanse\admin\model\feed\hansoftz_feed.php on line 136
2015-11-02 14:09:55 - PHP Notice:  Undefined variable: categoryData in C:\xampp\htdocs\lebanse\admin\model\feed\hansoftz_feed.php on line 136
2015-11-02 14:09:55 - PHP Notice:  Undefined variable: categoryData in C:\xampp\htdocs\lebanse\admin\model\feed\hansoftz_feed.php on line 136
2015-11-02 14:09:55 - PHP Notice:  Undefined variable: categoryData in C:\xampp\htdocs\lebanse\admin\model\feed\hansoftz_feed.php on line 136
2015-11-02 14:09:55 - PHP Notice:  Undefined variable: categoryData in C:\xampp\htdocs\lebanse\admin\model\feed\hansoftz_feed.php on line 136
2015-11-02 14:09:55 - PHP Notice:  Undefined variable: categoryData in C:\xampp\htdocs\lebanse\admin\model\feed\hansoftz_feed.php on line 136
2015-11-02 14:09:55 - PHP Notice:  Undefined variable: categoryData in C:\xampp\htdocs\lebanse\admin\model\feed\hansoftz_feed.php on line 136
2015-11-02 14:09:55 - PHP Notice:  Undefined variable: categoryData in C:\xampp\htdocs\lebanse\admin\model\feed\hansoftz_feed.php on line 136
2015-11-02 14:09:55 - PHP Notice:  Undefined variable: categoryData in C:\xampp\htdocs\lebanse\admin\model\feed\hansoftz_feed.php on line 136
2015-11-02 14:09:55 - PHP Notice:  Undefined variable: categoryData in C:\xampp\htdocs\lebanse\admin\model\feed\hansoftz_feed.php on line 136
2015-11-02 14:09:55 - PHP Notice:  Undefined variable: categoryData in C:\xampp\htdocs\lebanse\admin\model\feed\hansoftz_feed.php on line 136
2015-11-02 14:09:55 - PHP Notice:  Undefined variable: categoryData in C:\xampp\htdocs\lebanse\admin\model\feed\hansoftz_feed.php on line 136
2015-11-02 14:09:55 - PHP Notice:  Undefined variable: categoryData in C:\xampp\htdocs\lebanse\admin\model\feed\hansoftz_feed.php on line 136
2015-11-02 14:09:55 - PHP Notice:  Undefined variable: categoryData in C:\xampp\htdocs\lebanse\admin\model\feed\hansoftz_feed.php on line 136
2015-11-02 14:09:55 - PHP Notice:  Undefined variable: categoryData in C:\xampp\htdocs\lebanse\admin\model\feed\hansoftz_feed.php on line 136
2015-11-02 14:09:55 - PHP Notice:  Undefined variable: categoryData in C:\xampp\htdocs\lebanse\admin\model\feed\hansoftz_feed.php on line 136
2015-11-02 14:09:55 - PHP Notice:  Undefined variable: categoryData in C:\xampp\htdocs\lebanse\admin\model\feed\hansoftz_feed.php on line 136
2015-11-02 14:09:55 - PHP Notice:  Undefined variable: categoryData in C:\xampp\htdocs\lebanse\admin\model\feed\hansoftz_feed.php on line 136
2015-11-02 14:09:55 - PHP Notice:  Undefined variable: categoryData in C:\xampp\htdocs\lebanse\admin\model\feed\hansoftz_feed.php on line 136
2015-11-02 14:09:55 - PHP Notice:  Undefined variable: categoryData in C:\xampp\htdocs\lebanse\admin\model\feed\hansoftz_feed.php on line 136
2015-11-02 14:09:55 - PHP Notice:  Undefined variable: categoryData in C:\xampp\htdocs\lebanse\admin\model\feed\hansoftz_feed.php on line 136
2015-11-02 14:09:55 - PHP Notice:  Undefined variable: categoryData in C:\xampp\htdocs\lebanse\admin\model\feed\hansoftz_feed.php on line 136
2015-11-02 14:09:55 - PHP Notice:  Undefined variable: categoryData in C:\xampp\htdocs\lebanse\admin\model\feed\hansoftz_feed.php on line 136
2015-11-02 14:09:55 - PHP Notice:  Undefined variable: categoryData in C:\xampp\htdocs\lebanse\admin\model\feed\hansoftz_feed.php on line 136
2015-11-02 14:09:55 - PHP Notice:  Undefined variable: categoryData in C:\xampp\htdocs\lebanse\admin\model\feed\hansoftz_feed.php on line 136
2015-11-02 14:09:55 - PHP Notice:  Undefined variable: categoryData in C:\xampp\htdocs\lebanse\admin\model\feed\hansoftz_feed.php on line 136
2015-11-02 14:09:55 - PHP Notice:  Undefined variable: categoryData in C:\xampp\htdocs\lebanse\admin\model\feed\hansoftz_feed.php on line 136
2015-11-02 14:09:55 - PHP Notice:  Undefined variable: categoryData in C:\xampp\htdocs\lebanse\admin\model\feed\hansoftz_feed.php on line 136
2015-11-02 14:09:55 - PHP Notice:  Undefined variable: categoryData in C:\xampp\htdocs\lebanse\admin\model\feed\hansoftz_feed.php on line 136
2015-11-02 14:09:55 - PHP Notice:  Undefined variable: categoryData in C:\xampp\htdocs\lebanse\admin\model\feed\hansoftz_feed.php on line 136
2015-11-02 14:09:55 - PHP Notice:  Undefined variable: categoryData in C:\xampp\htdocs\lebanse\admin\model\feed\hansoftz_feed.php on line 136
2015-11-02 14:09:55 - PHP Notice:  Undefined variable: categoryData in C:\xampp\htdocs\lebanse\admin\model\feed\hansoftz_feed.php on line 136
2015-11-02 14:09:55 - PHP Notice:  Undefined variable: categoryData in C:\xampp\htdocs\lebanse\admin\model\feed\hansoftz_feed.php on line 136
2015-11-02 14:09:55 - PHP Notice:  Undefined variable: categoryData in C:\xampp\htdocs\lebanse\admin\model\feed\hansoftz_feed.php on line 136
2015-11-02 14:09:55 - PHP Notice:  Undefined variable: categoryData in C:\xampp\htdocs\lebanse\admin\model\feed\hansoftz_feed.php on line 136
2015-11-02 14:09:55 - PHP Notice:  Undefined variable: categoryData in C:\xampp\htdocs\lebanse\admin\model\feed\hansoftz_feed.php on line 136
2015-11-02 14:09:55 - PHP Notice:  Undefined variable: categoryData in C:\xampp\htdocs\lebanse\admin\model\feed\hansoftz_feed.php on line 136
2015-11-02 14:09:55 - PHP Notice:  Undefined variable: categoryData in C:\xampp\htdocs\lebanse\admin\model\feed\hansoftz_feed.php on line 136
2015-11-02 14:09:55 - PHP Notice:  Undefined variable: categoryData in C:\xampp\htdocs\lebanse\admin\model\feed\hansoftz_feed.php on line 136
2015-11-02 14:09:55 - PHP Notice:  Undefined variable: categoryData in C:\xampp\htdocs\lebanse\admin\model\feed\hansoftz_feed.php on line 136
2015-11-02 14:09:55 - PHP Notice:  Undefined variable: categoryData in C:\xampp\htdocs\lebanse\admin\model\feed\hansoftz_feed.php on line 136
2015-11-02 14:09:55 - PHP Notice:  Undefined variable: categoryData in C:\xampp\htdocs\lebanse\admin\model\feed\hansoftz_feed.php on line 136
2015-11-02 14:09:55 - PHP Notice:  Undefined variable: categoryData in C:\xampp\htdocs\lebanse\admin\model\feed\hansoftz_feed.php on line 136
2015-11-02 14:09:55 - PHP Notice:  Undefined variable: categoryData in C:\xampp\htdocs\lebanse\admin\model\feed\hansoftz_feed.php on line 136
2015-11-02 14:09:55 - PHP Notice:  Undefined variable: categoryData in C:\xampp\htdocs\lebanse\admin\model\feed\hansoftz_feed.php on line 136
2015-11-02 14:09:55 - PHP Notice:  Undefined variable: categoryData in C:\xampp\htdocs\lebanse\admin\model\feed\hansoftz_feed.php on line 136
2015-11-02 14:09:55 - PHP Notice:  Undefined variable: categoryData in C:\xampp\htdocs\lebanse\admin\model\feed\hansoftz_feed.php on line 136
2015-11-02 14:09:55 - PHP Notice:  Undefined variable: categoryData in C:\xampp\htdocs\lebanse\admin\model\feed\hansoftz_feed.php on line 136
2015-11-02 14:09:55 - PHP Notice:  Undefined variable: categoryData in C:\xampp\htdocs\lebanse\admin\model\feed\hansoftz_feed.php on line 136
2015-11-02 14:09:55 - PHP Notice:  Undefined variable: categoryData in C:\xampp\htdocs\lebanse\admin\model\feed\hansoftz_feed.php on line 136
2015-11-02 14:09:55 - PHP Notice:  Undefined variable: categoryData in C:\xampp\htdocs\lebanse\admin\model\feed\hansoftz_feed.php on line 136
2015-11-02 14:09:55 - PHP Notice:  Undefined variable: categoryData in C:\xampp\htdocs\lebanse\admin\model\feed\hansoftz_feed.php on line 136
2015-11-02 14:09:55 - PHP Notice:  Undefined variable: categoryData in C:\xampp\htdocs\lebanse\admin\model\feed\hansoftz_feed.php on line 136
2015-11-02 14:09:55 - PHP Notice:  Undefined variable: categoryData in C:\xampp\htdocs\lebanse\admin\model\feed\hansoftz_feed.php on line 136
2015-11-02 14:09:55 - PHP Notice:  Undefined variable: categoryData in C:\xampp\htdocs\lebanse\admin\model\feed\hansoftz_feed.php on line 136
2015-11-02 14:09:55 - PHP Notice:  Undefined variable: categoryData in C:\xampp\htdocs\lebanse\admin\model\feed\hansoftz_feed.php on line 136
2015-11-02 14:09:55 - PHP Notice:  Undefined variable: categoryData in C:\xampp\htdocs\lebanse\admin\model\feed\hansoftz_feed.php on line 136
2015-11-02 14:09:55 - PHP Notice:  Undefined variable: categoryData in C:\xampp\htdocs\lebanse\admin\model\feed\hansoftz_feed.php on line 136
2015-11-02 14:09:55 - PHP Notice:  Undefined variable: categoryData in C:\xampp\htdocs\lebanse\admin\model\feed\hansoftz_feed.php on line 136
2015-11-02 14:09:55 - PHP Notice:  Undefined variable: categoryData in C:\xampp\htdocs\lebanse\admin\model\feed\hansoftz_feed.php on line 136
2015-11-02 14:09:55 - PHP Notice:  Undefined variable: categoryData in C:\xampp\htdocs\lebanse\admin\model\feed\hansoftz_feed.php on line 136
2015-11-02 14:09:55 - PHP Notice:  Undefined variable: categoryData in C:\xampp\htdocs\lebanse\admin\model\feed\hansoftz_feed.php on line 136
2015-11-02 14:09:55 - PHP Notice:  Undefined variable: categoryData in C:\xampp\htdocs\lebanse\admin\model\feed\hansoftz_feed.php on line 136
2015-11-02 14:09:55 - PHP Notice:  Undefined variable: categoryData in C:\xampp\htdocs\lebanse\admin\model\feed\hansoftz_feed.php on line 136
2015-11-02 14:09:55 - PHP Notice:  Undefined variable: categoryData in C:\xampp\htdocs\lebanse\admin\model\feed\hansoftz_feed.php on line 136
2015-11-02 14:09:55 - PHP Notice:  Undefined variable: categoryData in C:\xampp\htdocs\lebanse\admin\model\feed\hansoftz_feed.php on line 136
2015-11-02 14:09:55 - PHP Notice:  Undefined variable: categoryData in C:\xampp\htdocs\lebanse\admin\model\feed\hansoftz_feed.php on line 136
2015-11-02 14:09:55 - PHP Notice:  Undefined variable: categoryData in C:\xampp\htdocs\lebanse\admin\model\feed\hansoftz_feed.php on line 136
2015-11-02 14:09:55 - PHP Notice:  Undefined variable: categoryData in C:\xampp\htdocs\lebanse\admin\model\feed\hansoftz_feed.php on line 136
2015-11-02 14:09:55 - PHP Notice:  Undefined variable: categoryData in C:\xampp\htdocs\lebanse\admin\model\feed\hansoftz_feed.php on line 136
2015-11-02 14:09:55 - PHP Notice:  Undefined variable: categoryData in C:\xampp\htdocs\lebanse\admin\model\feed\hansoftz_feed.php on line 136
2015-11-02 14:09:55 - PHP Notice:  Undefined variable: categoryData in C:\xampp\htdocs\lebanse\admin\model\feed\hansoftz_feed.php on line 136
2015-11-02 14:09:55 - PHP Notice:  Undefined variable: categoryData in C:\xampp\htdocs\lebanse\admin\model\feed\hansoftz_feed.php on line 136
2015-11-02 14:09:55 - PHP Notice:  Undefined variable: categoryData in C:\xampp\htdocs\lebanse\admin\model\feed\hansoftz_feed.php on line 136
2015-11-02 14:09:55 - PHP Notice:  Undefined variable: categoryData in C:\xampp\htdocs\lebanse\admin\model\feed\hansoftz_feed.php on line 136
2015-11-02 14:09:55 - PHP Notice:  Undefined variable: categoryData in C:\xampp\htdocs\lebanse\admin\model\feed\hansoftz_feed.php on line 136
2015-11-02 14:09:55 - PHP Notice:  Undefined variable: categoryData in C:\xampp\htdocs\lebanse\admin\model\feed\hansoftz_feed.php on line 136
2015-11-02 14:09:55 - PHP Notice:  Undefined variable: categoryData in C:\xampp\htdocs\lebanse\admin\model\feed\hansoftz_feed.php on line 136
2015-11-02 14:09:55 - PHP Notice:  Undefined variable: categoryData in C:\xampp\htdocs\lebanse\admin\model\feed\hansoftz_feed.php on line 136
2015-11-02 14:09:55 - PHP Notice:  Undefined variable: categoryData in C:\xampp\htdocs\lebanse\admin\model\feed\hansoftz_feed.php on line 136
2015-11-02 14:09:55 - PHP Notice:  Undefined variable: categoryData in C:\xampp\htdocs\lebanse\admin\model\feed\hansoftz_feed.php on line 136
2015-11-02 14:09:55 - PHP Notice:  Undefined variable: categoryData in C:\xampp\htdocs\lebanse\admin\model\feed\hansoftz_feed.php on line 136
2015-11-02 14:09:55 - PHP Notice:  Undefined variable: categoryData in C:\xampp\htdocs\lebanse\admin\model\feed\hansoftz_feed.php on line 136
2015-11-02 14:09:55 - PHP Notice:  Undefined variable: categoryData in C:\xampp\htdocs\lebanse\admin\model\feed\hansoftz_feed.php on line 136
2015-11-02 14:09:55 - PHP Notice:  Undefined variable: categoryData in C:\xampp\htdocs\lebanse\admin\model\feed\hansoftz_feed.php on line 136
2015-11-02 14:09:55 - PHP Notice:  Undefined variable: categoryData in C:\xampp\htdocs\lebanse\admin\model\feed\hansoftz_feed.php on line 136
2015-11-02 14:09:55 - PHP Notice:  Undefined variable: categoryData in C:\xampp\htdocs\lebanse\admin\model\feed\hansoftz_feed.php on line 136
2015-11-02 14:09:55 - PHP Notice:  Undefined variable: categoryData in C:\xampp\htdocs\lebanse\admin\model\feed\hansoftz_feed.php on line 136
2015-11-02 14:09:55 - PHP Notice:  Undefined variable: categoryData in C:\xampp\htdocs\lebanse\admin\model\feed\hansoftz_feed.php on line 136
2015-11-02 14:09:55 - PHP Notice:  Undefined variable: categoryData in C:\xampp\htdocs\lebanse\admin\model\feed\hansoftz_feed.php on line 136
2015-11-02 14:09:55 - PHP Notice:  Undefined variable: categoryData in C:\xampp\htdocs\lebanse\admin\model\feed\hansoftz_feed.php on line 136
2015-11-02 14:09:55 - PHP Notice:  Undefined variable: categoryData in C:\xampp\htdocs\lebanse\admin\model\feed\hansoftz_feed.php on line 136
2015-11-02 14:09:55 - PHP Notice:  Undefined variable: categoryData in C:\xampp\htdocs\lebanse\admin\model\feed\hansoftz_feed.php on line 136
2015-11-02 14:09:55 - PHP Notice:  Undefined variable: categoryData in C:\xampp\htdocs\lebanse\admin\model\feed\hansoftz_feed.php on line 136
2015-11-02 14:09:55 - PHP Notice:  Undefined variable: categoryData in C:\xampp\htdocs\lebanse\admin\model\feed\hansoftz_feed.php on line 136
2015-11-02 14:09:55 - PHP Notice:  Undefined variable: categoryData in C:\xampp\htdocs\lebanse\admin\model\feed\hansoftz_feed.php on line 136
2015-11-02 14:09:55 - PHP Notice:  Undefined variable: categoryData in C:\xampp\htdocs\lebanse\admin\model\feed\hansoftz_feed.php on line 136
2015-11-02 14:09:55 - PHP Notice:  Undefined variable: categoryData in C:\xampp\htdocs\lebanse\admin\model\feed\hansoftz_feed.php on line 136
2015-11-02 14:09:55 - PHP Notice:  Undefined variable: categoryData in C:\xampp\htdocs\lebanse\admin\model\feed\hansoftz_feed.php on line 136
2015-11-02 14:09:55 - PHP Notice:  Undefined variable: categoryData in C:\xampp\htdocs\lebanse\admin\model\feed\hansoftz_feed.php on line 136
2015-11-02 14:09:55 - PHP Notice:  Undefined variable: categoryData in C:\xampp\htdocs\lebanse\admin\model\feed\hansoftz_feed.php on line 136
2015-11-02 14:09:55 - PHP Notice:  Undefined variable: categoryData in C:\xampp\htdocs\lebanse\admin\model\feed\hansoftz_feed.php on line 136
2015-11-02 14:09:55 - PHP Notice:  Undefined variable: categoryData in C:\xampp\htdocs\lebanse\admin\model\feed\hansoftz_feed.php on line 136
2015-11-02 14:09:55 - PHP Notice:  Undefined variable: categoryData in C:\xampp\htdocs\lebanse\admin\model\feed\hansoftz_feed.php on line 136
2015-11-02 14:09:55 - PHP Notice:  Undefined variable: categoryData in C:\xampp\htdocs\lebanse\admin\model\feed\hansoftz_feed.php on line 136
2015-11-02 14:09:55 - PHP Notice:  Undefined variable: categoryData in C:\xampp\htdocs\lebanse\admin\model\feed\hansoftz_feed.php on line 136
2015-11-02 14:09:55 - PHP Notice:  Undefined variable: categoryData in C:\xampp\htdocs\lebanse\admin\model\feed\hansoftz_feed.php on line 136
2015-11-02 14:09:55 - PHP Notice:  Undefined variable: categoryData in C:\xampp\htdocs\lebanse\admin\model\feed\hansoftz_feed.php on line 136
2015-11-02 14:09:55 - PHP Notice:  Undefined variable: categoryData in C:\xampp\htdocs\lebanse\admin\model\feed\hansoftz_feed.php on line 136
2015-11-02 14:09:55 - PHP Notice:  Undefined variable: categoryData in C:\xampp\htdocs\lebanse\admin\model\feed\hansoftz_feed.php on line 136
2015-11-02 14:09:55 - PHP Notice:  Undefined variable: categoryData in C:\xampp\htdocs\lebanse\admin\model\feed\hansoftz_feed.php on line 136
2015-11-02 14:09:55 - PHP Notice:  Undefined variable: categoryData in C:\xampp\htdocs\lebanse\admin\model\feed\hansoftz_feed.php on line 136
2015-11-02 14:09:55 - PHP Notice:  Undefined variable: categoryData in C:\xampp\htdocs\lebanse\admin\model\feed\hansoftz_feed.php on line 136
2015-11-02 14:09:55 - PHP Notice:  Undefined variable: categoryData in C:\xampp\htdocs\lebanse\admin\model\feed\hansoftz_feed.php on line 136
2015-11-02 14:09:55 - PHP Notice:  Undefined variable: categoryData in C:\xampp\htdocs\lebanse\admin\model\feed\hansoftz_feed.php on line 136
2015-11-02 14:09:55 - PHP Notice:  Undefined variable: categoryData in C:\xampp\htdocs\lebanse\admin\model\feed\hansoftz_feed.php on line 136
2015-11-02 14:09:55 - PHP Notice:  Undefined variable: categoryData in C:\xampp\htdocs\lebanse\admin\model\feed\hansoftz_feed.php on line 136
2015-11-02 14:09:55 - PHP Notice:  Undefined variable: categoryData in C:\xampp\htdocs\lebanse\admin\model\feed\hansoftz_feed.php on line 136
2015-11-02 14:09:55 - PHP Notice:  Undefined variable: categoryData in C:\xampp\htdocs\lebanse\admin\model\feed\hansoftz_feed.php on line 136
2015-11-02 14:09:55 - PHP Notice:  Undefined variable: categoryData in C:\xampp\htdocs\lebanse\admin\model\feed\hansoftz_feed.php on line 136
2015-11-02 14:09:55 - PHP Notice:  Undefined variable: categoryData in C:\xampp\htdocs\lebanse\admin\model\feed\hansoftz_feed.php on line 136
2015-11-02 14:09:55 - PHP Notice:  Undefined variable: categoryData in C:\xampp\htdocs\lebanse\admin\model\feed\hansoftz_feed.php on line 136
2015-11-02 14:09:55 - PHP Notice:  Undefined variable: categoryData in C:\xampp\htdocs\lebanse\admin\model\feed\hansoftz_feed.php on line 136
2015-11-02 14:09:55 - PHP Notice:  Undefined variable: categoryData in C:\xampp\htdocs\lebanse\admin\model\feed\hansoftz_feed.php on line 136
2015-11-02 14:09:55 - PHP Notice:  Undefined variable: categoryData in C:\xampp\htdocs\lebanse\admin\model\feed\hansoftz_feed.php on line 136
2015-11-02 14:09:55 - PHP Notice:  Undefined variable: categoryData in C:\xampp\htdocs\lebanse\admin\model\feed\hansoftz_feed.php on line 136
2015-11-02 14:09:55 - PHP Notice:  Undefined variable: categoryData in C:\xampp\htdocs\lebanse\admin\model\feed\hansoftz_feed.php on line 136
2015-11-02 14:09:55 - PHP Notice:  Undefined variable: categoryData in C:\xampp\htdocs\lebanse\admin\model\feed\hansoftz_feed.php on line 136
2015-11-02 14:09:55 - PHP Notice:  Undefined variable: categoryData in C:\xampp\htdocs\lebanse\admin\model\feed\hansoftz_feed.php on line 136
2015-11-02 14:09:55 - PHP Notice:  Undefined variable: categoryData in C:\xampp\htdocs\lebanse\admin\model\feed\hansoftz_feed.php on line 136
2015-11-02 14:09:55 - PHP Notice:  Undefined variable: categoryData in C:\xampp\htdocs\lebanse\admin\model\feed\hansoftz_feed.php on line 136
2015-11-02 14:09:55 - PHP Notice:  Undefined variable: categoryData in C:\xampp\htdocs\lebanse\admin\model\feed\hansoftz_feed.php on line 136
2015-11-02 14:09:55 - PHP Notice:  Undefined variable: categoryData in C:\xampp\htdocs\lebanse\admin\model\feed\hansoftz_feed.php on line 136
2015-11-02 14:09:55 - PHP Notice:  Undefined variable: categoryData in C:\xampp\htdocs\lebanse\admin\model\feed\hansoftz_feed.php on line 136
2015-11-02 14:09:55 - PHP Notice:  Undefined variable: categoryData in C:\xampp\htdocs\lebanse\admin\model\feed\hansoftz_feed.php on line 136
2015-11-02 14:09:55 - PHP Notice:  Undefined variable: categoryData in C:\xampp\htdocs\lebanse\admin\model\feed\hansoftz_feed.php on line 136
2015-11-02 14:09:55 - PHP Notice:  Undefined variable: categoryData in C:\xampp\htdocs\lebanse\admin\model\feed\hansoftz_feed.php on line 136
2015-11-02 14:09:55 - PHP Notice:  Undefined variable: categoryData in C:\xampp\htdocs\lebanse\admin\model\feed\hansoftz_feed.php on line 136
2015-11-02 14:09:55 - PHP Notice:  Undefined variable: categoryData in C:\xampp\htdocs\lebanse\admin\model\feed\hansoftz_feed.php on line 136
2015-11-02 14:09:55 - PHP Notice:  Undefined variable: categoryData in C:\xampp\htdocs\lebanse\admin\model\feed\hansoftz_feed.php on line 136
2015-11-02 14:09:55 - PHP Notice:  Undefined variable: categoryData in C:\xampp\htdocs\lebanse\admin\model\feed\hansoftz_feed.php on line 136
2015-11-02 14:09:55 - PHP Notice:  Undefined variable: categoryData in C:\xampp\htdocs\lebanse\admin\model\feed\hansoftz_feed.php on line 136
2015-11-02 14:09:55 - PHP Notice:  Undefined variable: categoryData in C:\xampp\htdocs\lebanse\admin\model\feed\hansoftz_feed.php on line 136
2015-11-02 14:09:55 - PHP Notice:  Undefined variable: categoryData in C:\xampp\htdocs\lebanse\admin\model\feed\hansoftz_feed.php on line 136
2015-11-02 14:09:55 - PHP Notice:  Undefined variable: categoryData in C:\xampp\htdocs\lebanse\admin\model\feed\hansoftz_feed.php on line 136
2015-11-02 14:09:55 - PHP Notice:  Undefined variable: categoryData in C:\xampp\htdocs\lebanse\admin\model\feed\hansoftz_feed.php on line 136
2015-11-02 14:09:55 - PHP Notice:  Undefined variable: categoryData in C:\xampp\htdocs\lebanse\admin\model\feed\hansoftz_feed.php on line 136
2015-11-02 14:09:55 - PHP Notice:  Undefined variable: categoryData in C:\xampp\htdocs\lebanse\admin\model\feed\hansoftz_feed.php on line 136
2015-11-02 14:09:55 - PHP Notice:  Undefined variable: categoryData in C:\xampp\htdocs\lebanse\admin\model\feed\hansoftz_feed.php on line 136
2015-11-02 14:09:55 - PHP Notice:  Undefined variable: categoryData in C:\xampp\htdocs\lebanse\admin\model\feed\hansoftz_feed.php on line 136
2015-11-02 14:09:55 - PHP Notice:  Undefined variable: categoryData in C:\xampp\htdocs\lebanse\admin\model\feed\hansoftz_feed.php on line 136
2015-11-02 14:09:55 - PHP Notice:  Undefined variable: categoryData in C:\xampp\htdocs\lebanse\admin\model\feed\hansoftz_feed.php on line 136
2015-11-02 14:09:55 - PHP Notice:  Undefined variable: categoryData in C:\xampp\htdocs\lebanse\admin\model\feed\hansoftz_feed.php on line 136
2015-11-02 14:09:55 - PHP Notice:  Undefined variable: categoryData in C:\xampp\htdocs\lebanse\admin\model\feed\hansoftz_feed.php on line 136
2015-11-02 14:09:55 - PHP Notice:  Undefined variable: categoryData in C:\xampp\htdocs\lebanse\admin\model\feed\hansoftz_feed.php on line 136
2015-11-02 14:09:55 - PHP Notice:  Undefined variable: categoryData in C:\xampp\htdocs\lebanse\admin\model\feed\hansoftz_feed.php on line 136
2015-11-02 14:09:55 - PHP Notice:  Undefined variable: categoryData in C:\xampp\htdocs\lebanse\admin\model\feed\hansoftz_feed.php on line 136
2015-11-02 14:09:55 - PHP Notice:  Undefined variable: categoryData in C:\xampp\htdocs\lebanse\admin\model\feed\hansoftz_feed.php on line 136
2015-11-02 14:09:55 - PHP Notice:  Undefined variable: categoryData in C:\xampp\htdocs\lebanse\admin\model\feed\hansoftz_feed.php on line 136
2015-11-02 14:09:55 - PHP Notice:  Undefined variable: categoryData in C:\xampp\htdocs\lebanse\admin\model\feed\hansoftz_feed.php on line 136
2015-11-02 14:09:55 - PHP Notice:  Undefined variable: categoryData in C:\xampp\htdocs\lebanse\admin\model\feed\hansoftz_feed.php on line 136
2015-11-02 14:09:55 - PHP Notice:  Undefined variable: categoryData in C:\xampp\htdocs\lebanse\admin\model\feed\hansoftz_feed.php on line 136
2015-11-02 14:09:55 - PHP Notice:  Undefined variable: categoryData in C:\xampp\htdocs\lebanse\admin\model\feed\hansoftz_feed.php on line 136
2015-11-02 14:09:55 - PHP Notice:  Undefined variable: categoryData in C:\xampp\htdocs\lebanse\admin\model\feed\hansoftz_feed.php on line 136
2015-11-02 14:09:55 - PHP Notice:  Undefined variable: categoryData in C:\xampp\htdocs\lebanse\admin\model\feed\hansoftz_feed.php on line 136
2015-11-02 14:09:55 - PHP Notice:  Undefined variable: categoryData in C:\xampp\htdocs\lebanse\admin\model\feed\hansoftz_feed.php on line 136
2015-11-02 14:09:55 - PHP Notice:  Undefined variable: categoryData in C:\xampp\htdocs\lebanse\admin\model\feed\hansoftz_feed.php on line 136
2015-11-02 14:09:55 - PHP Notice:  Undefined variable: categoryData in C:\xampp\htdocs\lebanse\admin\model\feed\hansoftz_feed.php on line 136
2015-11-02 14:09:55 - PHP Notice:  Undefined variable: categoryData in C:\xampp\htdocs\lebanse\admin\model\feed\hansoftz_feed.php on line 136
2015-11-02 14:09:55 - PHP Notice:  Undefined variable: categoryData in C:\xampp\htdocs\lebanse\admin\model\feed\hansoftz_feed.php on line 136
2015-11-02 14:09:55 - PHP Notice:  Undefined variable: categoryData in C:\xampp\htdocs\lebanse\admin\model\feed\hansoftz_feed.php on line 136
2015-11-02 14:09:55 - PHP Notice:  Undefined variable: categoryData in C:\xampp\htdocs\lebanse\admin\model\feed\hansoftz_feed.php on line 136
2015-11-02 14:09:55 - PHP Notice:  Undefined variable: categoryData in C:\xampp\htdocs\lebanse\admin\model\feed\hansoftz_feed.php on line 136
2015-11-02 14:09:55 - PHP Notice:  Undefined variable: categoryData in C:\xampp\htdocs\lebanse\admin\model\feed\hansoftz_feed.php on line 136
2015-11-02 14:09:55 - PHP Notice:  Undefined variable: categoryData in C:\xampp\htdocs\lebanse\admin\model\feed\hansoftz_feed.php on line 136
2015-11-02 14:09:55 - PHP Notice:  Undefined variable: categoryData in C:\xampp\htdocs\lebanse\admin\model\feed\hansoftz_feed.php on line 136
2015-11-02 14:09:55 - PHP Notice:  Undefined variable: categoryData in C:\xampp\htdocs\lebanse\admin\model\feed\hansoftz_feed.php on line 136
2015-11-02 14:09:55 - PHP Notice:  Undefined variable: categoryData in C:\xampp\htdocs\lebanse\admin\model\feed\hansoftz_feed.php on line 136
2015-11-02 14:09:55 - PHP Notice:  Undefined variable: categoryData in C:\xampp\htdocs\lebanse\admin\model\feed\hansoftz_feed.php on line 136
2015-11-02 14:09:55 - PHP Notice:  Undefined variable: categoryData in C:\xampp\htdocs\lebanse\admin\model\feed\hansoftz_feed.php on line 136
2015-11-02 14:09:55 - PHP Notice:  Undefined variable: categoryData in C:\xampp\htdocs\lebanse\admin\model\feed\hansoftz_feed.php on line 136
2015-11-02 14:09:55 - PHP Notice:  Undefined variable: categoryData in C:\xampp\htdocs\lebanse\admin\model\feed\hansoftz_feed.php on line 136
2015-11-02 14:09:55 - PHP Notice:  Undefined variable: categoryData in C:\xampp\htdocs\lebanse\admin\model\feed\hansoftz_feed.php on line 136
2015-11-02 14:09:55 - PHP Notice:  Undefined variable: categoryData in C:\xampp\htdocs\lebanse\admin\model\feed\hansoftz_feed.php on line 136
2015-11-02 14:09:55 - PHP Notice:  Undefined variable: categoryData in C:\xampp\htdocs\lebanse\admin\model\feed\hansoftz_feed.php on line 136
2015-11-02 14:09:55 - PHP Notice:  Undefined variable: categoryData in C:\xampp\htdocs\lebanse\admin\model\feed\hansoftz_feed.php on line 136
2015-11-02 14:09:55 - PHP Notice:  Undefined variable: categoryData in C:\xampp\htdocs\lebanse\admin\model\feed\hansoftz_feed.php on line 136
2015-11-02 14:09:55 - PHP Notice:  Undefined variable: categoryData in C:\xampp\htdocs\lebanse\admin\model\feed\hansoftz_feed.php on line 136
2015-11-02 14:09:55 - PHP Notice:  Undefined variable: categoryData in C:\xampp\htdocs\lebanse\admin\model\feed\hansoftz_feed.php on line 136
2015-11-02 14:09:55 - PHP Notice:  Undefined variable: categoryData in C:\xampp\htdocs\lebanse\admin\model\feed\hansoftz_feed.php on line 136
2015-11-02 14:09:55 - PHP Notice:  Undefined variable: categoryData in C:\xampp\htdocs\lebanse\admin\model\feed\hansoftz_feed.php on line 136
2015-11-02 14:09:55 - PHP Notice:  Undefined variable: categoryData in C:\xampp\htdocs\lebanse\admin\model\feed\hansoftz_feed.php on line 136
2015-11-02 14:09:55 - PHP Notice:  Undefined variable: categoryData in C:\xampp\htdocs\lebanse\admin\model\feed\hansoftz_feed.php on line 136
2015-11-02 14:09:55 - PHP Notice:  Undefined variable: categoryData in C:\xampp\htdocs\lebanse\admin\model\feed\hansoftz_feed.php on line 136
2015-11-02 14:09:55 - PHP Notice:  Undefined variable: categoryData in C:\xampp\htdocs\lebanse\admin\model\feed\hansoftz_feed.php on line 136
2015-11-02 14:09:55 - PHP Notice:  Undefined variable: categoryData in C:\xampp\htdocs\lebanse\admin\model\feed\hansoftz_feed.php on line 136
2015-11-02 14:09:55 - PHP Notice:  Undefined variable: categoryData in C:\xampp\htdocs\lebanse\admin\model\feed\hansoftz_feed.php on line 136
2015-11-02 14:09:55 - PHP Notice:  Undefined variable: categoryData in C:\xampp\htdocs\lebanse\admin\model\feed\hansoftz_feed.php on line 136
2015-11-02 14:09:55 - PHP Notice:  Undefined variable: categoryData in C:\xampp\htdocs\lebanse\admin\model\feed\hansoftz_feed.php on line 136
2015-11-02 14:09:55 - PHP Notice:  Undefined variable: categoryData in C:\xampp\htdocs\lebanse\admin\model\feed\hansoftz_feed.php on line 136
2015-11-02 14:09:55 - PHP Notice:  Undefined variable: categoryData in C:\xampp\htdocs\lebanse\admin\model\feed\hansoftz_feed.php on line 136
2015-11-02 14:09:55 - PHP Notice:  Undefined variable: categoryData in C:\xampp\htdocs\lebanse\admin\model\feed\hansoftz_feed.php on line 136
2015-11-02 14:09:55 - PHP Notice:  Undefined variable: categoryData in C:\xampp\htdocs\lebanse\admin\model\feed\hansoftz_feed.php on line 136
2015-11-02 14:09:56 - PHP Notice:  Undefined variable: categoryData in C:\xampp\htdocs\lebanse\admin\model\feed\hansoftz_feed.php on line 136
2015-11-02 14:09:56 - PHP Notice:  Undefined variable: categoryData in C:\xampp\htdocs\lebanse\admin\model\feed\hansoftz_feed.php on line 136
2015-11-02 14:09:56 - PHP Notice:  Undefined variable: categoryData in C:\xampp\htdocs\lebanse\admin\model\feed\hansoftz_feed.php on line 136
2015-11-02 14:09:56 - PHP Notice:  Undefined variable: categoryData in C:\xampp\htdocs\lebanse\admin\model\feed\hansoftz_feed.php on line 136
2015-11-02 14:09:56 - PHP Notice:  Undefined variable: categoryData in C:\xampp\htdocs\lebanse\admin\model\feed\hansoftz_feed.php on line 136
2015-11-02 14:09:56 - PHP Notice:  Undefined variable: categoryData in C:\xampp\htdocs\lebanse\admin\model\feed\hansoftz_feed.php on line 136
2015-11-02 14:09:56 - PHP Notice:  Undefined variable: categoryData in C:\xampp\htdocs\lebanse\admin\model\feed\hansoftz_feed.php on line 136
2015-11-02 14:09:56 - PHP Notice:  Undefined variable: categoryData in C:\xampp\htdocs\lebanse\admin\model\feed\hansoftz_feed.php on line 136
2015-11-02 14:09:56 - PHP Notice:  Undefined variable: categoryData in C:\xampp\htdocs\lebanse\admin\model\feed\hansoftz_feed.php on line 136
2015-11-02 14:09:56 - PHP Notice:  Undefined variable: categoryData in C:\xampp\htdocs\lebanse\admin\model\feed\hansoftz_feed.php on line 136
2015-11-02 14:09:56 - PHP Notice:  Undefined variable: categoryData in C:\xampp\htdocs\lebanse\admin\model\feed\hansoftz_feed.php on line 136
2015-11-02 14:09:56 - PHP Notice:  Undefined variable: categoryData in C:\xampp\htdocs\lebanse\admin\model\feed\hansoftz_feed.php on line 136
2015-11-02 14:09:56 - PHP Notice:  Undefined variable: categoryData in C:\xampp\htdocs\lebanse\admin\model\feed\hansoftz_feed.php on line 136
2015-11-02 14:09:56 - PHP Notice:  Undefined variable: categoryData in C:\xampp\htdocs\lebanse\admin\model\feed\hansoftz_feed.php on line 136
2015-11-02 14:09:56 - PHP Notice:  Undefined variable: categoryData in C:\xampp\htdocs\lebanse\admin\model\feed\hansoftz_feed.php on line 136
2015-11-02 14:09:56 - PHP Notice:  Undefined variable: categoryData in C:\xampp\htdocs\lebanse\admin\model\feed\hansoftz_feed.php on line 136
2015-11-02 14:09:56 - PHP Notice:  Undefined variable: categoryData in C:\xampp\htdocs\lebanse\admin\model\feed\hansoftz_feed.php on line 136
2015-11-02 14:09:56 - PHP Notice:  Undefined variable: categoryData in C:\xampp\htdocs\lebanse\admin\model\feed\hansoftz_feed.php on line 136
2015-11-02 14:09:56 - PHP Notice:  Undefined variable: categoryData in C:\xampp\htdocs\lebanse\admin\model\feed\hansoftz_feed.php on line 136
2015-11-02 14:09:56 - PHP Notice:  Undefined variable: categoryData in C:\xampp\htdocs\lebanse\admin\model\feed\hansoftz_feed.php on line 136
2015-11-02 14:09:56 - PHP Notice:  Undefined variable: categoryData in C:\xampp\htdocs\lebanse\admin\model\feed\hansoftz_feed.php on line 136
2015-11-02 14:09:56 - PHP Notice:  Undefined variable: categoryData in C:\xampp\htdocs\lebanse\admin\model\feed\hansoftz_feed.php on line 136
2015-11-02 14:09:56 - PHP Notice:  Undefined variable: categoryData in C:\xampp\htdocs\lebanse\admin\model\feed\hansoftz_feed.php on line 136
2015-11-02 14:09:56 - PHP Notice:  Undefined variable: categoryData in C:\xampp\htdocs\lebanse\admin\model\feed\hansoftz_feed.php on line 136
2015-11-02 14:09:56 - PHP Notice:  Undefined variable: categoryData in C:\xampp\htdocs\lebanse\admin\model\feed\hansoftz_feed.php on line 136
2015-11-02 14:09:56 - PHP Notice:  Undefined variable: categoryData in C:\xampp\htdocs\lebanse\admin\model\feed\hansoftz_feed.php on line 136
2015-11-02 14:09:56 - PHP Notice:  Undefined variable: categoryData in C:\xampp\htdocs\lebanse\admin\model\feed\hansoftz_feed.php on line 136
2015-11-02 14:09:56 - PHP Notice:  Undefined variable: categoryData in C:\xampp\htdocs\lebanse\admin\model\feed\hansoftz_feed.php on line 136
2015-11-02 14:09:56 - PHP Notice:  Undefined variable: categoryData in C:\xampp\htdocs\lebanse\admin\model\feed\hansoftz_feed.php on line 136
2015-11-02 14:09:56 - PHP Notice:  Undefined variable: categoryData in C:\xampp\htdocs\lebanse\admin\model\feed\hansoftz_feed.php on line 136
2015-11-02 14:09:56 - PHP Notice:  Undefined variable: categoryData in C:\xampp\htdocs\lebanse\admin\model\feed\hansoftz_feed.php on line 136
2015-11-02 14:09:56 - PHP Notice:  Undefined variable: categoryData in C:\xampp\htdocs\lebanse\admin\model\feed\hansoftz_feed.php on line 136
2015-11-02 14:09:56 - PHP Notice:  Undefined variable: categoryData in C:\xampp\htdocs\lebanse\admin\model\feed\hansoftz_feed.php on line 136
2015-11-02 14:09:56 - PHP Notice:  Undefined variable: categoryData in C:\xampp\htdocs\lebanse\admin\model\feed\hansoftz_feed.php on line 136
2015-11-02 14:09:56 - PHP Notice:  Undefined variable: categoryData in C:\xampp\htdocs\lebanse\admin\model\feed\hansoftz_feed.php on line 136
2015-11-02 14:09:56 - PHP Notice:  Undefined variable: categoryData in C:\xampp\htdocs\lebanse\admin\model\feed\hansoftz_feed.php on line 136
2015-11-02 14:09:56 - PHP Notice:  Undefined variable: categoryData in C:\xampp\htdocs\lebanse\admin\model\feed\hansoftz_feed.php on line 136
2015-11-02 14:09:56 - PHP Notice:  Undefined variable: categoryData in C:\xampp\htdocs\lebanse\admin\model\feed\hansoftz_feed.php on line 136
2015-11-02 14:09:56 - PHP Notice:  Undefined variable: categoryData in C:\xampp\htdocs\lebanse\admin\model\feed\hansoftz_feed.php on line 136
2015-11-02 14:09:56 - PHP Notice:  Undefined variable: categoryData in C:\xampp\htdocs\lebanse\admin\model\feed\hansoftz_feed.php on line 136
2015-11-02 14:09:56 - PHP Notice:  Undefined variable: categoryData in C:\xampp\htdocs\lebanse\admin\model\feed\hansoftz_feed.php on line 136
2015-11-02 14:09:56 - PHP Notice:  Undefined variable: categoryData in C:\xampp\htdocs\lebanse\admin\model\feed\hansoftz_feed.php on line 136
2015-11-02 14:09:56 - PHP Notice:  Undefined variable: categoryData in C:\xampp\htdocs\lebanse\admin\model\feed\hansoftz_feed.php on line 136
2015-11-02 14:09:56 - PHP Notice:  Undefined variable: categoryData in C:\xampp\htdocs\lebanse\admin\model\feed\hansoftz_feed.php on line 136
2015-11-02 14:09:56 - PHP Notice:  Undefined variable: categoryData in C:\xampp\htdocs\lebanse\admin\model\feed\hansoftz_feed.php on line 136
2015-11-02 14:09:56 - PHP Notice:  Undefined variable: categoryData in C:\xampp\htdocs\lebanse\admin\model\feed\hansoftz_feed.php on line 136
2015-11-02 14:09:56 - PHP Notice:  Undefined variable: categoryData in C:\xampp\htdocs\lebanse\admin\model\feed\hansoftz_feed.php on line 136
2015-11-02 14:09:56 - PHP Notice:  Undefined variable: categoryData in C:\xampp\htdocs\lebanse\admin\model\feed\hansoftz_feed.php on line 136
2015-11-02 14:09:56 - PHP Notice:  Undefined variable: categoryData in C:\xampp\htdocs\lebanse\admin\model\feed\hansoftz_feed.php on line 136
2015-11-02 14:09:56 - PHP Notice:  Undefined variable: categoryData in C:\xampp\htdocs\lebanse\admin\model\feed\hansoftz_feed.php on line 136
2015-11-02 14:09:56 - PHP Notice:  Undefined variable: categoryData in C:\xampp\htdocs\lebanse\admin\model\feed\hansoftz_feed.php on line 136
2015-11-02 14:09:56 - PHP Notice:  Undefined variable: categoryData in C:\xampp\htdocs\lebanse\admin\model\feed\hansoftz_feed.php on line 136
2015-11-02 14:09:56 - PHP Notice:  Undefined variable: categoryData in C:\xampp\htdocs\lebanse\admin\model\feed\hansoftz_feed.php on line 136
2015-11-02 14:09:56 - PHP Notice:  Undefined variable: categoryData in C:\xampp\htdocs\lebanse\admin\model\feed\hansoftz_feed.php on line 136
2015-11-02 14:09:56 - PHP Notice:  Undefined variable: categoryData in C:\xampp\htdocs\lebanse\admin\model\feed\hansoftz_feed.php on line 136
2015-11-02 14:09:56 - PHP Notice:  Undefined variable: categoryData in C:\xampp\htdocs\lebanse\admin\model\feed\hansoftz_feed.php on line 136
2015-11-02 14:09:56 - PHP Notice:  Undefined variable: categoryData in C:\xampp\htdocs\lebanse\admin\model\feed\hansoftz_feed.php on line 136
2015-11-02 14:09:56 - PHP Notice:  Undefined variable: categoryData in C:\xampp\htdocs\lebanse\admin\model\feed\hansoftz_feed.php on line 136
2015-11-02 14:09:56 - PHP Notice:  Undefined variable: categoryData in C:\xampp\htdocs\lebanse\admin\model\feed\hansoftz_feed.php on line 136
2015-11-02 14:09:56 - PHP Notice:  Undefined variable: categoryData in C:\xampp\htdocs\lebanse\admin\model\feed\hansoftz_feed.php on line 136
2015-11-02 14:09:56 - PHP Notice:  Undefined variable: categoryData in C:\xampp\htdocs\lebanse\admin\model\feed\hansoftz_feed.php on line 136
2015-11-02 14:09:56 - PHP Notice:  Undefined variable: categoryData in C:\xampp\htdocs\lebanse\admin\model\feed\hansoftz_feed.php on line 136
2015-11-02 14:09:56 - PHP Notice:  Undefined variable: categoryData in C:\xampp\htdocs\lebanse\admin\model\feed\hansoftz_feed.php on line 136
2015-11-02 14:09:56 - PHP Notice:  Undefined variable: categoryData in C:\xampp\htdocs\lebanse\admin\model\feed\hansoftz_feed.php on line 136
2015-11-02 14:09:56 - PHP Notice:  Undefined variable: categoryData in C:\xampp\htdocs\lebanse\admin\model\feed\hansoftz_feed.php on line 136
2015-11-02 14:09:56 - PHP Notice:  Undefined variable: categoryData in C:\xampp\htdocs\lebanse\admin\model\feed\hansoftz_feed.php on line 136
2015-11-02 14:09:56 - PHP Notice:  Undefined variable: categoryData in C:\xampp\htdocs\lebanse\admin\model\feed\hansoftz_feed.php on line 136
2015-11-02 14:09:56 - PHP Notice:  Undefined variable: categoryData in C:\xampp\htdocs\lebanse\admin\model\feed\hansoftz_feed.php on line 136
2015-11-02 14:09:56 - PHP Notice:  Undefined variable: categoryData in C:\xampp\htdocs\lebanse\admin\model\feed\hansoftz_feed.php on line 136
2015-11-02 14:09:56 - PHP Notice:  Undefined variable: categoryData in C:\xampp\htdocs\lebanse\admin\model\feed\hansoftz_feed.php on line 136
2015-11-02 14:09:56 - PHP Notice:  Undefined variable: categoryData in C:\xampp\htdocs\lebanse\admin\model\feed\hansoftz_feed.php on line 136
2015-11-02 14:09:56 - PHP Notice:  Undefined variable: categoryData in C:\xampp\htdocs\lebanse\admin\model\feed\hansoftz_feed.php on line 136
2015-11-02 14:09:56 - PHP Notice:  Undefined variable: categoryData in C:\xampp\htdocs\lebanse\admin\model\feed\hansoftz_feed.php on line 136
2015-11-02 14:09:56 - PHP Notice:  Undefined variable: categoryData in C:\xampp\htdocs\lebanse\admin\model\feed\hansoftz_feed.php on line 136
2015-11-02 14:09:56 - PHP Notice:  Undefined variable: categoryData in C:\xampp\htdocs\lebanse\admin\model\feed\hansoftz_feed.php on line 136
2015-11-02 14:09:56 - PHP Notice:  Undefined variable: categoryData in C:\xampp\htdocs\lebanse\admin\model\feed\hansoftz_feed.php on line 136
2015-11-02 14:09:56 - PHP Notice:  Undefined variable: categoryData in C:\xampp\htdocs\lebanse\admin\model\feed\hansoftz_feed.php on line 136
2015-11-02 14:09:56 - PHP Notice:  Undefined variable: categoryData in C:\xampp\htdocs\lebanse\admin\model\feed\hansoftz_feed.php on line 136
2015-11-02 14:09:56 - PHP Notice:  Undefined variable: categoryData in C:\xampp\htdocs\lebanse\admin\model\feed\hansoftz_feed.php on line 136
2015-11-02 14:09:56 - PHP Notice:  Undefined variable: categoryData in C:\xampp\htdocs\lebanse\admin\model\feed\hansoftz_feed.php on line 136
2015-11-02 14:09:56 - PHP Notice:  Undefined variable: categoryData in C:\xampp\htdocs\lebanse\admin\model\feed\hansoftz_feed.php on line 136
2015-11-02 14:09:56 - PHP Notice:  Undefined variable: categoryData in C:\xampp\htdocs\lebanse\admin\model\feed\hansoftz_feed.php on line 136
2015-11-02 14:09:56 - PHP Notice:  Undefined variable: categoryData in C:\xampp\htdocs\lebanse\admin\model\feed\hansoftz_feed.php on line 136
2015-11-02 14:09:56 - PHP Notice:  Undefined variable: categoryData in C:\xampp\htdocs\lebanse\admin\model\feed\hansoftz_feed.php on line 136
2015-11-02 14:09:56 - PHP Notice:  Undefined variable: categoryData in C:\xampp\htdocs\lebanse\admin\model\feed\hansoftz_feed.php on line 136
2015-11-02 14:09:56 - PHP Notice:  Undefined variable: categoryData in C:\xampp\htdocs\lebanse\admin\model\feed\hansoftz_feed.php on line 136
2015-11-02 14:09:56 - PHP Notice:  Undefined variable: categoryData in C:\xampp\htdocs\lebanse\admin\model\feed\hansoftz_feed.php on line 136
2015-11-02 14:09:56 - PHP Notice:  Undefined variable: categoryData in C:\xampp\htdocs\lebanse\admin\model\feed\hansoftz_feed.php on line 136
2015-11-02 14:09:56 - PHP Notice:  Undefined variable: categoryData in C:\xampp\htdocs\lebanse\admin\model\feed\hansoftz_feed.php on line 136
2015-11-02 14:09:56 - PHP Notice:  Undefined variable: categoryData in C:\xampp\htdocs\lebanse\admin\model\feed\hansoftz_feed.php on line 136
2015-11-02 14:09:56 - PHP Notice:  Undefined variable: categoryData in C:\xampp\htdocs\lebanse\admin\model\feed\hansoftz_feed.php on line 136
2015-11-02 14:09:56 - PHP Notice:  Undefined variable: categoryData in C:\xampp\htdocs\lebanse\admin\model\feed\hansoftz_feed.php on line 136
2015-11-02 14:09:56 - PHP Notice:  Undefined variable: categoryData in C:\xampp\htdocs\lebanse\admin\model\feed\hansoftz_feed.php on line 136
2015-11-02 14:09:56 - PHP Notice:  Undefined variable: categoryData in C:\xampp\htdocs\lebanse\admin\model\feed\hansoftz_feed.php on line 136
2015-11-02 14:09:56 - PHP Notice:  Undefined variable: categoryData in C:\xampp\htdocs\lebanse\admin\model\feed\hansoftz_feed.php on line 136
2015-11-02 14:09:56 - PHP Notice:  Undefined variable: categoryData in C:\xampp\htdocs\lebanse\admin\model\feed\hansoftz_feed.php on line 136
2015-11-02 14:09:56 - PHP Notice:  Undefined variable: categoryData in C:\xampp\htdocs\lebanse\admin\model\feed\hansoftz_feed.php on line 136
2015-11-02 14:09:56 - PHP Notice:  Undefined variable: categoryData in C:\xampp\htdocs\lebanse\admin\model\feed\hansoftz_feed.php on line 136
2015-11-02 14:09:56 - PHP Notice:  Undefined variable: categoryData in C:\xampp\htdocs\lebanse\admin\model\feed\hansoftz_feed.php on line 136
2015-11-02 14:09:56 - PHP Notice:  Undefined variable: categoryData in C:\xampp\htdocs\lebanse\admin\model\feed\hansoftz_feed.php on line 136
2015-11-02 14:09:56 - PHP Notice:  Undefined variable: categoryData in C:\xampp\htdocs\lebanse\admin\model\feed\hansoftz_feed.php on line 136
2015-11-02 14:09:56 - PHP Notice:  Undefined variable: categoryData in C:\xampp\htdocs\lebanse\admin\model\feed\hansoftz_feed.php on line 136
2015-11-02 14:09:56 - PHP Notice:  Undefined variable: categoryData in C:\xampp\htdocs\lebanse\admin\model\feed\hansoftz_feed.php on line 136
2015-11-02 14:09:56 - PHP Notice:  Undefined variable: categoryData in C:\xampp\htdocs\lebanse\admin\model\feed\hansoftz_feed.php on line 136
2015-11-02 14:09:56 - PHP Notice:  Undefined variable: categoryData in C:\xampp\htdocs\lebanse\admin\model\feed\hansoftz_feed.php on line 136
2015-11-02 14:09:56 - PHP Notice:  Undefined variable: categoryData in C:\xampp\htdocs\lebanse\admin\model\feed\hansoftz_feed.php on line 136
2015-11-02 14:09:56 - PHP Notice:  Undefined variable: categoryData in C:\xampp\htdocs\lebanse\admin\model\feed\hansoftz_feed.php on line 136
2015-11-02 14:09:56 - PHP Notice:  Undefined variable: categoryData in C:\xampp\htdocs\lebanse\admin\model\feed\hansoftz_feed.php on line 136
2015-11-02 14:09:56 - PHP Notice:  Undefined variable: categoryData in C:\xampp\htdocs\lebanse\admin\model\feed\hansoftz_feed.php on line 136
2015-11-02 14:09:56 - PHP Notice:  Undefined variable: categoryData in C:\xampp\htdocs\lebanse\admin\model\feed\hansoftz_feed.php on line 136
2015-11-02 14:09:56 - PHP Notice:  Undefined variable: categoryData in C:\xampp\htdocs\lebanse\admin\model\feed\hansoftz_feed.php on line 136
2015-11-02 14:09:56 - PHP Notice:  Undefined variable: categoryData in C:\xampp\htdocs\lebanse\admin\model\feed\hansoftz_feed.php on line 136
2015-11-02 14:09:56 - PHP Notice:  Undefined variable: categoryData in C:\xampp\htdocs\lebanse\admin\model\feed\hansoftz_feed.php on line 136
2015-11-02 14:09:56 - PHP Notice:  Undefined variable: categoryData in C:\xampp\htdocs\lebanse\admin\model\feed\hansoftz_feed.php on line 136
2015-11-02 14:09:56 - PHP Notice:  Undefined variable: categoryData in C:\xampp\htdocs\lebanse\admin\model\feed\hansoftz_feed.php on line 136
2015-11-02 14:09:56 - PHP Notice:  Undefined variable: categoryData in C:\xampp\htdocs\lebanse\admin\model\feed\hansoftz_feed.php on line 136
2015-11-02 14:09:56 - PHP Notice:  Undefined variable: categoryData in C:\xampp\htdocs\lebanse\admin\model\feed\hansoftz_feed.php on line 136
2015-11-02 14:09:56 - PHP Notice:  Undefined variable: categoryData in C:\xampp\htdocs\lebanse\admin\model\feed\hansoftz_feed.php on line 136
2015-11-02 14:09:56 - PHP Notice:  Undefined variable: categoryData in C:\xampp\htdocs\lebanse\admin\model\feed\hansoftz_feed.php on line 136
2015-11-02 14:09:56 - PHP Notice:  Undefined variable: categoryData in C:\xampp\htdocs\lebanse\admin\model\feed\hansoftz_feed.php on line 136
2015-11-02 14:09:56 - PHP Notice:  Undefined variable: categoryData in C:\xampp\htdocs\lebanse\admin\model\feed\hansoftz_feed.php on line 136
2015-11-02 14:09:56 - PHP Notice:  Undefined variable: categoryData in C:\xampp\htdocs\lebanse\admin\model\feed\hansoftz_feed.php on line 136
2015-11-02 14:09:56 - PHP Notice:  Undefined variable: categoryData in C:\xampp\htdocs\lebanse\admin\model\feed\hansoftz_feed.php on line 136
2015-11-02 14:09:56 - PHP Notice:  Undefined variable: categoryData in C:\xampp\htdocs\lebanse\admin\model\feed\hansoftz_feed.php on line 136
2015-11-02 14:09:56 - PHP Notice:  Undefined variable: categoryData in C:\xampp\htdocs\lebanse\admin\model\feed\hansoftz_feed.php on line 136
2015-11-02 14:09:56 - PHP Notice:  Undefined variable: categoryData in C:\xampp\htdocs\lebanse\admin\model\feed\hansoftz_feed.php on line 136
2015-11-02 14:09:56 - PHP Notice:  Undefined variable: categoryData in C:\xampp\htdocs\lebanse\admin\model\feed\hansoftz_feed.php on line 136
2015-11-02 14:09:56 - PHP Notice:  Undefined variable: categoryData in C:\xampp\htdocs\lebanse\admin\model\feed\hansoftz_feed.php on line 136
2015-11-02 14:09:56 - PHP Notice:  Undefined variable: categoryData in C:\xampp\htdocs\lebanse\admin\model\feed\hansoftz_feed.php on line 136
2015-11-02 14:09:56 - PHP Notice:  Undefined variable: categoryData in C:\xampp\htdocs\lebanse\admin\model\feed\hansoftz_feed.php on line 136
2015-11-02 14:09:56 - PHP Notice:  Undefined variable: categoryData in C:\xampp\htdocs\lebanse\admin\model\feed\hansoftz_feed.php on line 136
2015-11-02 14:09:56 - PHP Notice:  Undefined variable: categoryData in C:\xampp\htdocs\lebanse\admin\model\feed\hansoftz_feed.php on line 136
2015-11-02 14:09:56 - PHP Notice:  Undefined variable: categoryData in C:\xampp\htdocs\lebanse\admin\model\feed\hansoftz_feed.php on line 136
2015-11-02 14:09:56 - PHP Notice:  Undefined variable: categoryData in C:\xampp\htdocs\lebanse\admin\model\feed\hansoftz_feed.php on line 136
2015-11-02 14:09:56 - PHP Notice:  Undefined variable: categoryData in C:\xampp\htdocs\lebanse\admin\model\feed\hansoftz_feed.php on line 136
2015-11-02 14:09:56 - PHP Notice:  Undefined variable: categoryData in C:\xampp\htdocs\lebanse\admin\model\feed\hansoftz_feed.php on line 136
2015-11-02 14:09:56 - PHP Notice:  Undefined variable: categoryData in C:\xampp\htdocs\lebanse\admin\model\feed\hansoftz_feed.php on line 136
2015-11-02 14:09:56 - PHP Notice:  Undefined variable: categoryData in C:\xampp\htdocs\lebanse\admin\model\feed\hansoftz_feed.php on line 136
2015-11-02 14:09:56 - PHP Notice:  Undefined variable: categoryData in C:\xampp\htdocs\lebanse\admin\model\feed\hansoftz_feed.php on line 136
2015-11-02 14:09:56 - PHP Notice:  Undefined variable: categoryData in C:\xampp\htdocs\lebanse\admin\model\feed\hansoftz_feed.php on line 136
2015-11-02 14:09:56 - PHP Notice:  Undefined variable: categoryData in C:\xampp\htdocs\lebanse\admin\model\feed\hansoftz_feed.php on line 136
2015-11-02 14:09:56 - PHP Notice:  Undefined variable: categoryData in C:\xampp\htdocs\lebanse\admin\model\feed\hansoftz_feed.php on line 136
2015-11-02 14:09:56 - PHP Notice:  Undefined variable: categoryData in C:\xampp\htdocs\lebanse\admin\model\feed\hansoftz_feed.php on line 136
2015-11-02 14:09:56 - PHP Notice:  Undefined variable: categoryData in C:\xampp\htdocs\lebanse\admin\model\feed\hansoftz_feed.php on line 136
2015-11-02 14:09:56 - PHP Notice:  Undefined variable: categoryData in C:\xampp\htdocs\lebanse\admin\model\feed\hansoftz_feed.php on line 136
2015-11-02 14:09:56 - PHP Notice:  Undefined variable: categoryData in C:\xampp\htdocs\lebanse\admin\model\feed\hansoftz_feed.php on line 136
2015-11-02 14:09:56 - PHP Notice:  Undefined variable: categoryData in C:\xampp\htdocs\lebanse\admin\model\feed\hansoftz_feed.php on line 136
2015-11-02 14:09:56 - PHP Notice:  Undefined variable: categoryData in C:\xampp\htdocs\lebanse\admin\model\feed\hansoftz_feed.php on line 136
2015-11-02 14:09:56 - PHP Notice:  Undefined variable: categoryData in C:\xampp\htdocs\lebanse\admin\model\feed\hansoftz_feed.php on line 136
2015-11-02 14:09:56 - PHP Notice:  Undefined variable: categoryData in C:\xampp\htdocs\lebanse\admin\model\feed\hansoftz_feed.php on line 136
2015-11-02 14:09:56 - PHP Notice:  Undefined variable: categoryData in C:\xampp\htdocs\lebanse\admin\model\feed\hansoftz_feed.php on line 136
2015-11-02 14:09:56 - PHP Notice:  Undefined variable: categoryData in C:\xampp\htdocs\lebanse\admin\model\feed\hansoftz_feed.php on line 136
2015-11-02 14:09:56 - PHP Notice:  Undefined variable: categoryData in C:\xampp\htdocs\lebanse\admin\model\feed\hansoftz_feed.php on line 136
2015-11-02 14:09:56 - PHP Notice:  Undefined variable: categoryData in C:\xampp\htdocs\lebanse\admin\model\feed\hansoftz_feed.php on line 136
2015-11-02 14:09:56 - PHP Notice:  Undefined variable: categoryData in C:\xampp\htdocs\lebanse\admin\model\feed\hansoftz_feed.php on line 136
2015-11-02 14:09:56 - PHP Notice:  Undefined variable: categoryData in C:\xampp\htdocs\lebanse\admin\model\feed\hansoftz_feed.php on line 136
2015-11-02 14:09:56 - PHP Notice:  Undefined variable: categoryData in C:\xampp\htdocs\lebanse\admin\model\feed\hansoftz_feed.php on line 136
2015-11-02 14:09:56 - PHP Notice:  Undefined variable: categoryData in C:\xampp\htdocs\lebanse\admin\model\feed\hansoftz_feed.php on line 136
2015-11-02 14:09:56 - PHP Notice:  Undefined variable: categoryData in C:\xampp\htdocs\lebanse\admin\model\feed\hansoftz_feed.php on line 136
2015-11-02 14:09:56 - PHP Notice:  Undefined variable: categoryData in C:\xampp\htdocs\lebanse\admin\model\feed\hansoftz_feed.php on line 136
2015-11-02 14:09:56 - PHP Notice:  Undefined variable: categoryData in C:\xampp\htdocs\lebanse\admin\model\feed\hansoftz_feed.php on line 136
2015-11-02 14:09:56 - PHP Notice:  Undefined variable: categoryData in C:\xampp\htdocs\lebanse\admin\model\feed\hansoftz_feed.php on line 136
2015-11-02 14:09:56 - PHP Notice:  Undefined variable: categoryData in C:\xampp\htdocs\lebanse\admin\model\feed\hansoftz_feed.php on line 136
2015-11-02 14:09:56 - PHP Notice:  Undefined variable: categoryData in C:\xampp\htdocs\lebanse\admin\model\feed\hansoftz_feed.php on line 136
2015-11-02 14:09:56 - PHP Notice:  Undefined variable: categoryData in C:\xampp\htdocs\lebanse\admin\model\feed\hansoftz_feed.php on line 136
2015-11-02 14:09:56 - PHP Notice:  Undefined variable: categoryData in C:\xampp\htdocs\lebanse\admin\model\feed\hansoftz_feed.php on line 136
2015-11-02 14:09:56 - PHP Notice:  Undefined variable: categoryData in C:\xampp\htdocs\lebanse\admin\model\feed\hansoftz_feed.php on line 136
2015-11-02 14:09:56 - PHP Notice:  Undefined variable: categoryData in C:\xampp\htdocs\lebanse\admin\model\feed\hansoftz_feed.php on line 136
2015-11-02 14:09:56 - PHP Notice:  Undefined variable: categoryData in C:\xampp\htdocs\lebanse\admin\model\feed\hansoftz_feed.php on line 136
2015-11-02 14:09:56 - PHP Notice:  Undefined variable: categoryData in C:\xampp\htdocs\lebanse\admin\model\feed\hansoftz_feed.php on line 136
2015-11-02 14:09:56 - PHP Notice:  Undefined variable: categoryData in C:\xampp\htdocs\lebanse\admin\model\feed\hansoftz_feed.php on line 136
2015-11-02 14:09:56 - PHP Notice:  Undefined variable: categoryData in C:\xampp\htdocs\lebanse\admin\model\feed\hansoftz_feed.php on line 136
2015-11-02 14:09:56 - PHP Notice:  Undefined variable: categoryData in C:\xampp\htdocs\lebanse\admin\model\feed\hansoftz_feed.php on line 136
2015-11-02 14:09:56 - PHP Notice:  Undefined variable: categoryData in C:\xampp\htdocs\lebanse\admin\model\feed\hansoftz_feed.php on line 136
2015-11-02 14:09:56 - PHP Notice:  Undefined variable: categoryData in C:\xampp\htdocs\lebanse\admin\model\feed\hansoftz_feed.php on line 136
2015-11-02 14:09:56 - PHP Notice:  Undefined variable: categoryData in C:\xampp\htdocs\lebanse\admin\model\feed\hansoftz_feed.php on line 136
2015-11-02 14:09:56 - PHP Notice:  Undefined variable: categoryData in C:\xampp\htdocs\lebanse\admin\model\feed\hansoftz_feed.php on line 136
2015-11-02 14:09:56 - PHP Notice:  Undefined variable: categoryData in C:\xampp\htdocs\lebanse\admin\model\feed\hansoftz_feed.php on line 136
2015-11-02 14:09:56 - PHP Notice:  Undefined variable: categoryData in C:\xampp\htdocs\lebanse\admin\model\feed\hansoftz_feed.php on line 136
2015-11-02 14:09:56 - PHP Notice:  Undefined variable: categoryData in C:\xampp\htdocs\lebanse\admin\model\feed\hansoftz_feed.php on line 136
2015-11-02 14:09:56 - PHP Notice:  Undefined variable: categoryData in C:\xampp\htdocs\lebanse\admin\model\feed\hansoftz_feed.php on line 136
2015-11-02 14:09:56 - PHP Notice:  Undefined variable: categoryData in C:\xampp\htdocs\lebanse\admin\model\feed\hansoftz_feed.php on line 136
2015-11-02 14:09:56 - PHP Notice:  Undefined variable: categoryData in C:\xampp\htdocs\lebanse\admin\model\feed\hansoftz_feed.php on line 136
2015-11-02 14:09:56 - PHP Notice:  Undefined variable: categoryData in C:\xampp\htdocs\lebanse\admin\model\feed\hansoftz_feed.php on line 136
2015-11-02 14:09:56 - PHP Notice:  Undefined variable: categoryData in C:\xampp\htdocs\lebanse\admin\model\feed\hansoftz_feed.php on line 136
2015-11-02 14:09:56 - PHP Notice:  Undefined variable: categoryData in C:\xampp\htdocs\lebanse\admin\model\feed\hansoftz_feed.php on line 136
2015-11-02 14:09:56 - PHP Notice:  Undefined variable: categoryData in C:\xampp\htdocs\lebanse\admin\model\feed\hansoftz_feed.php on line 136
2015-11-02 14:09:56 - PHP Notice:  Undefined variable: categoryData in C:\xampp\htdocs\lebanse\admin\model\feed\hansoftz_feed.php on line 136
2015-11-02 14:09:56 - PHP Notice:  Undefined variable: categoryData in C:\xampp\htdocs\lebanse\admin\model\feed\hansoftz_feed.php on line 136
2015-11-02 14:09:56 - PHP Notice:  Undefined variable: categoryData in C:\xampp\htdocs\lebanse\admin\model\feed\hansoftz_feed.php on line 136
2015-11-02 14:09:56 - PHP Notice:  Undefined variable: categoryData in C:\xampp\htdocs\lebanse\admin\model\feed\hansoftz_feed.php on line 136
2015-11-02 14:09:56 - PHP Notice:  Undefined variable: categoryData in C:\xampp\htdocs\lebanse\admin\model\feed\hansoftz_feed.php on line 136
2015-11-02 14:09:56 - PHP Notice:  Undefined variable: categoryData in C:\xampp\htdocs\lebanse\admin\model\feed\hansoftz_feed.php on line 136
2015-11-02 14:09:56 - PHP Notice:  Undefined variable: categoryData in C:\xampp\htdocs\lebanse\admin\model\feed\hansoftz_feed.php on line 136
2015-11-02 14:09:56 - PHP Notice:  Undefined variable: categoryData in C:\xampp\htdocs\lebanse\admin\model\feed\hansoftz_feed.php on line 136
2015-11-02 14:09:56 - PHP Notice:  Undefined variable: categoryData in C:\xampp\htdocs\lebanse\admin\model\feed\hansoftz_feed.php on line 136
2015-11-02 14:09:56 - PHP Notice:  Undefined variable: categoryData in C:\xampp\htdocs\lebanse\admin\model\feed\hansoftz_feed.php on line 136
2015-11-02 14:09:56 - PHP Notice:  Undefined variable: categoryData in C:\xampp\htdocs\lebanse\admin\model\feed\hansoftz_feed.php on line 136
2015-11-02 14:09:56 - PHP Notice:  Undefined variable: categoryData in C:\xampp\htdocs\lebanse\admin\model\feed\hansoftz_feed.php on line 136
2015-11-02 14:09:56 - PHP Notice:  Undefined variable: categoryData in C:\xampp\htdocs\lebanse\admin\model\feed\hansoftz_feed.php on line 136
2015-11-02 14:09:56 - PHP Notice:  Undefined variable: categoryData in C:\xampp\htdocs\lebanse\admin\model\feed\hansoftz_feed.php on line 136
2015-11-02 14:09:56 - PHP Notice:  Undefined variable: categoryData in C:\xampp\htdocs\lebanse\admin\model\feed\hansoftz_feed.php on line 136
2015-11-02 14:09:56 - PHP Notice:  Undefined variable: categoryData in C:\xampp\htdocs\lebanse\admin\model\feed\hansoftz_feed.php on line 136
2015-11-02 14:09:56 - PHP Notice:  Undefined variable: categoryData in C:\xampp\htdocs\lebanse\admin\model\feed\hansoftz_feed.php on line 136
2015-11-02 14:09:56 - PHP Notice:  Undefined variable: categoryData in C:\xampp\htdocs\lebanse\admin\model\feed\hansoftz_feed.php on line 136
2015-11-02 14:09:56 - PHP Notice:  Undefined variable: categoryData in C:\xampp\htdocs\lebanse\admin\model\feed\hansoftz_feed.php on line 136
2015-11-02 14:09:56 - PHP Notice:  Undefined variable: categoryData in C:\xampp\htdocs\lebanse\admin\model\feed\hansoftz_feed.php on line 136
2015-11-02 14:09:56 - PHP Notice:  Undefined variable: categoryData in C:\xampp\htdocs\lebanse\admin\model\feed\hansoftz_feed.php on line 136
2015-11-02 14:09:56 - PHP Notice:  Undefined variable: categoryData in C:\xampp\htdocs\lebanse\admin\model\feed\hansoftz_feed.php on line 136
2015-11-02 14:09:56 - PHP Notice:  Undefined variable: categoryData in C:\xampp\htdocs\lebanse\admin\model\feed\hansoftz_feed.php on line 136
2015-11-02 14:09:56 - PHP Notice:  Undefined variable: categoryData in C:\xampp\htdocs\lebanse\admin\model\feed\hansoftz_feed.php on line 136
2015-11-02 14:09:56 - PHP Notice:  Undefined variable: categoryData in C:\xampp\htdocs\lebanse\admin\model\feed\hansoftz_feed.php on line 136
2015-11-02 14:09:56 - PHP Notice:  Undefined variable: categoryData in C:\xampp\htdocs\lebanse\admin\model\feed\hansoftz_feed.php on line 136
2015-11-02 14:09:56 - PHP Notice:  Undefined variable: categoryData in C:\xampp\htdocs\lebanse\admin\model\feed\hansoftz_feed.php on line 136
2015-11-02 14:09:56 - PHP Notice:  Undefined variable: categoryData in C:\xampp\htdocs\lebanse\admin\model\feed\hansoftz_feed.php on line 136
2015-11-02 14:09:56 - PHP Notice:  Undefined variable: categoryData in C:\xampp\htdocs\lebanse\admin\model\feed\hansoftz_feed.php on line 136
2015-11-02 14:09:56 - PHP Notice:  Undefined variable: categoryData in C:\xampp\htdocs\lebanse\admin\model\feed\hansoftz_feed.php on line 136
2015-11-02 14:09:57 - PHP Notice:  Undefined variable: categoryData in C:\xampp\htdocs\lebanse\admin\model\feed\hansoftz_feed.php on line 136
2015-11-02 14:09:57 - PHP Notice:  Undefined variable: categoryData in C:\xampp\htdocs\lebanse\admin\model\feed\hansoftz_feed.php on line 136
2015-11-02 14:09:57 - PHP Notice:  Undefined variable: categoryData in C:\xampp\htdocs\lebanse\admin\model\feed\hansoftz_feed.php on line 136
2015-11-02 14:09:57 - PHP Notice:  Undefined variable: categoryData in C:\xampp\htdocs\lebanse\admin\model\feed\hansoftz_feed.php on line 136
2015-11-02 14:09:57 - PHP Notice:  Undefined variable: categoryData in C:\xampp\htdocs\lebanse\admin\model\feed\hansoftz_feed.php on line 136
2015-11-02 14:09:57 - PHP Notice:  Undefined variable: categoryData in C:\xampp\htdocs\lebanse\admin\model\feed\hansoftz_feed.php on line 136
2015-11-02 14:09:57 - PHP Notice:  Undefined variable: categoryData in C:\xampp\htdocs\lebanse\admin\model\feed\hansoftz_feed.php on line 136
2015-11-02 14:09:57 - PHP Notice:  Undefined variable: categoryData in C:\xampp\htdocs\lebanse\admin\model\feed\hansoftz_feed.php on line 136
2015-11-02 14:09:57 - PHP Notice:  Undefined variable: categoryData in C:\xampp\htdocs\lebanse\admin\model\feed\hansoftz_feed.php on line 136
2015-11-02 14:09:57 - PHP Notice:  Undefined variable: categoryData in C:\xampp\htdocs\lebanse\admin\model\feed\hansoftz_feed.php on line 136
2015-11-02 14:09:57 - PHP Notice:  Undefined variable: categoryData in C:\xampp\htdocs\lebanse\admin\model\feed\hansoftz_feed.php on line 136
2015-11-02 14:09:57 - PHP Notice:  Undefined variable: categoryData in C:\xampp\htdocs\lebanse\admin\model\feed\hansoftz_feed.php on line 136
2015-11-02 14:09:57 - PHP Notice:  Undefined variable: categoryData in C:\xampp\htdocs\lebanse\admin\model\feed\hansoftz_feed.php on line 136
2015-11-03 8:01:53 - PHP Notice:  Undefined index: meta_keyword in C:\xampp\htdocs\lebanse\admin\model\feed\hansoftz_feed_opencart_bridge.php on line 292
2015-11-03 8:01:54 - PHP Notice:  Undefined index: tag in C:\xampp\htdocs\lebanse\admin\model\feed\hansoftz_feed_opencart_bridge.php on line 292
2015-11-03 8:01:54 - PHP Notice:  Undefined property: stdClass::$required in C:\xampp\htdocs\lebanse\admin\model\feed\hansoftz_feed_opencart_bridge.php on line 205
2015-11-03 8:01:54 - PHP Notice:  Undefined property: stdClass::$option_value in C:\xampp\htdocs\lebanse\admin\model\feed\hansoftz_feed_opencart_bridge.php on line 219
2015-11-03 8:01:54 - PHP Notice:  Undefined property: stdClass::$option_value in C:\xampp\htdocs\lebanse\admin\model\feed\hansoftz_feed_opencart_bridge.php on line 228
2015-11-03 8:10:18 - PHP Notice:  Undefined property: stdClass::$option_value in C:\xampp\htdocs\lebanse\admin\model\feed\hansoftz_feed_opencart_bridge.php on line 219
2015-11-03 8:10:18 - PHP Notice:  Undefined property: stdClass::$option_value in C:\xampp\htdocs\lebanse\admin\model\feed\hansoftz_feed_opencart_bridge.php on line 219
2015-11-03 8:10:18 - PHP Notice:  Undefined property: stdClass::$option_value in C:\xampp\htdocs\lebanse\admin\model\feed\hansoftz_feed_opencart_bridge.php on line 228
2015-11-03 8:12:09 - PHP Notice:  Undefined index: keyword in C:\xampp\htdocs\lebanse\admin\model\feed\hansoftz_feed_opencart_bridge.php on line 320
2015-11-03 8:12:09 - PHP Notice:  Undefined index: keyword in C:\xampp\htdocs\lebanse\admin\model\feed\hansoftz_feed_opencart_bridge.php on line 320
2015-11-03 8:12:09 - PHP Notice:  Undefined index: keyword in C:\xampp\htdocs\lebanse\admin\model\feed\hansoftz_feed_opencart_bridge.php on line 320
2015-11-03 8:12:09 - PHP Notice:  Undefined index: keyword in C:\xampp\htdocs\lebanse\admin\model\feed\hansoftz_feed_opencart_bridge.php on line 320
2015-11-03 8:12:09 - PHP Notice:  Undefined index: keyword in C:\xampp\htdocs\lebanse\admin\model\feed\hansoftz_feed_opencart_bridge.php on line 320
2015-11-03 8:12:09 - PHP Notice:  Undefined index: keyword in C:\xampp\htdocs\lebanse\admin\model\feed\hansoftz_feed_opencart_bridge.php on line 320
2015-11-03 8:12:09 - PHP Notice:  Undefined index: keyword in C:\xampp\htdocs\lebanse\admin\model\feed\hansoftz_feed_opencart_bridge.php on line 320
2015-11-03 8:12:09 - PHP Notice:  Undefined index: keyword in C:\xampp\htdocs\lebanse\admin\model\feed\hansoftz_feed_opencart_bridge.php on line 320
2015-11-03 8:12:09 - PHP Notice:  Undefined index: keyword in C:\xampp\htdocs\lebanse\admin\model\feed\hansoftz_feed_opencart_bridge.php on line 320
2015-11-03 8:12:09 - PHP Notice:  Undefined index: keyword in C:\xampp\htdocs\lebanse\admin\model\feed\hansoftz_feed_opencart_bridge.php on line 320
2015-11-03 8:12:09 - PHP Notice:  Undefined index: keyword in C:\xampp\htdocs\lebanse\admin\model\feed\hansoftz_feed_opencart_bridge.php on line 320
2015-11-03 11:41:12 - PHP Warning:  mkdir(): No such file or directory in C:\xampp\htdocs\lebanse\admin\model\feed\hansoftz_feed.php on line 189
2015-11-03 11:41:12 - PHP Warning:  copy(C:/xampp/htdocs/lebanse/image/import/womenlingerie-&amp;-sleepwearshapewears//83bd901-4-pl-hanes-m-original-imadqy6qu2zsmdyz.jpeg): failed to open stream: No such file or directory in C:\xampp\htdocs\lebanse\admin\model\feed\hansoftz_feed.php on line 190
2015-11-03 11:41:12 - PHP Warning:  mkdir(): No such file or directory in C:\xampp\htdocs\lebanse\admin\model\feed\hansoftz_feed.php on line 189
2015-11-03 11:41:13 - PHP Warning:  copy(C:/xampp/htdocs/lebanse/image/import/womenlingerie-&amp;-sleepwearshapewears//sc01s-0007champagne-gold-scandale-l-original-imadvge8tvcutzjz.jpeg): failed to open stream: No such file or directory in C:\xampp\htdocs\lebanse\admin\model\feed\hansoftz_feed.php on line 190
2015-11-03 11:41:13 - PHP Warning:  mkdir(): No such file or directory in C:\xampp\htdocs\lebanse\admin\model\feed\hansoftz_feed.php on line 189
2015-11-03 11:41:13 - PHP Warning:  copy(C:/xampp/htdocs/lebanse/image/import/womenlingerie-&amp;-sleepwearshapewears//sc01s-0005black-couture-scandale-m-original-imadk8xspfg9pyfy.jpeg): failed to open stream: No such file or directory in C:\xampp\htdocs\lebanse\admin\model\feed\hansoftz_feed.php on line 190
2015-11-03 11:41:13 - PHP Warning:  mkdir(): No such file or directory in C:\xampp\htdocs\lebanse\admin\model\feed\hansoftz_feed.php on line 189
2015-11-03 11:41:13 - PHP Warning:  copy(C:/xampp/htdocs/lebanse/image/import/womenlingerie-&amp;-sleepwearshapewears//sc01s-0005black-couture-scandale-m-original-imadk8xspfg9pyfy.jpeg): failed to open stream: No such file or directory in C:\xampp\htdocs\lebanse\admin\model\feed\hansoftz_feed.php on line 190
2015-11-03 11:41:13 - PHP Warning:  mkdir(): No such file or directory in C:\xampp\htdocs\lebanse\admin\model\feed\hansoftz_feed.php on line 189
2015-11-03 11:41:13 - PHP Warning:  copy(C:/xampp/htdocs/lebanse/image/import/womenlingerie-&amp;-sleepwearshapewears//sc01s-0005black-couture-scandale-m-original-imadk8xspfg9pyfy.jpeg): failed to open stream: No such file or directory in C:\xampp\htdocs\lebanse\admin\model\feed\hansoftz_feed.php on line 190
2015-11-03 11:41:13 - PHP Warning:  mkdir(): No such file or directory in C:\xampp\htdocs\lebanse\admin\model\feed\hansoftz_feed.php on line 189
2015-11-03 11:41:14 - PHP Warning:  copy(C:/xampp/htdocs/lebanse/image/import/womenlingerie-&amp;-sleepwearshapewears//sc01s-0005black-couture-scandale-l-original-imadvge8sfjeqz7d.jpeg): failed to open stream: No such file or directory in C:\xampp\htdocs\lebanse\admin\model\feed\hansoftz_feed.php on line 190
2015-11-03 11:41:14 - PHP Warning:  mkdir(): No such file or directory in C:\xampp\htdocs\lebanse\admin\model\feed\hansoftz_feed.php on line 189
2015-11-03 11:41:14 - PHP Warning:  copy(C:/xampp/htdocs/lebanse/image/import/womenlingerie-&amp;-sleepwearshapewears//sc01s-0007champagne-gold-scandale-l-original-imadvge8tvcutzjz.jpeg): failed to open stream: No such file or directory in C:\xampp\htdocs\lebanse\admin\model\feed\hansoftz_feed.php on line 190
2015-11-03 11:41:14 - PHP Warning:  mkdir(): No such file or directory in C:\xampp\htdocs\lebanse\admin\model\feed\hansoftz_feed.php on line 189
2015-11-03 11:41:14 - PHP Warning:  copy(C:/xampp/htdocs/lebanse/image/import/womenlingerie-&amp;-sleepwearshapewears//sc01s-0007champagne-gold-scandale-l-original-imadvge8tvcutzjz.jpeg): failed to open stream: No such file or directory in C:\xampp\htdocs\lebanse\admin\model\feed\hansoftz_feed.php on line 190
2015-11-03 11:41:14 - PHP Warning:  mkdir(): No such file or directory in C:\xampp\htdocs\lebanse\admin\model\feed\hansoftz_feed.php on line 189
2015-11-03 11:41:14 - PHP Warning:  copy(C:/xampp/htdocs/lebanse/image/import/womenlingerie-&amp;-sleepwearshapewears//sc01s-0007champagne-gold-scandale-l-original-imadvge8tvcutzjz.jpeg): failed to open stream: No such file or directory in C:\xampp\htdocs\lebanse\admin\model\feed\hansoftz_feed.php on line 190
2015-11-03 11:41:14 - PHP Warning:  mkdir(): No such file or directory in C:\xampp\htdocs\lebanse\admin\model\feed\hansoftz_feed.php on line 189
2015-11-03 11:41:15 - PHP Warning:  copy(C:/xampp/htdocs/lebanse/image/import/womenlingerie-&amp;-sleepwearshapewears//sc01s-0007black-couture-scandale-s-original-imadvge8ffsyguda.jpeg): failed to open stream: No such file or directory in C:\xampp\htdocs\lebanse\admin\model\feed\hansoftz_feed.php on line 190
2015-11-03 11:41:15 - PHP Warning:  mkdir(): No such file or directory in C:\xampp\htdocs\lebanse\admin\model\feed\hansoftz_feed.php on line 189
2015-11-03 11:41:15 - PHP Warning:  copy(C:/xampp/htdocs/lebanse/image/import/womenlingerie-&amp;-sleepwearshapewears//sc01s-0007black-couture-scandale-s-original-imadvge8ffsyguda.jpeg): failed to open stream: No such file or directory in C:\xampp\htdocs\lebanse\admin\model\feed\hansoftz_feed.php on line 190
2015-11-03 11:42:35 - PHP Warning:  mkdir(): No such file or directory in C:\xampp\htdocs\lebanse\admin\model\feed\hansoftz_feed.php on line 189
2015-11-03 11:42:35 - PHP Warning:  copy(C:/xampp/htdocs/lebanse/image/import/womenlingerie-&amp;-sleepwearshapewears//83bd901-4-pl-hanes-m-original-imadqy6qu2zsmdyz.jpeg): failed to open stream: No such file or directory in C:\xampp\htdocs\lebanse\admin\model\feed\hansoftz_feed.php on line 190
2015-11-03 11:42:35 - PHP Warning:  mkdir(): No such file or directory in C:\xampp\htdocs\lebanse\admin\model\feed\hansoftz_feed.php on line 189
2015-11-03 11:42:35 - PHP Warning:  copy(C:/xampp/htdocs/lebanse/image/import/womenlingerie-&amp;-sleepwearshapewears//sc01s-0007champagne-gold-scandale-l-original-imadvge8tvcutzjz.jpeg): failed to open stream: No such file or directory in C:\xampp\htdocs\lebanse\admin\model\feed\hansoftz_feed.php on line 190
2015-11-03 11:42:35 - PHP Warning:  mkdir(): No such file or directory in C:\xampp\htdocs\lebanse\admin\model\feed\hansoftz_feed.php on line 189
2015-11-03 11:42:35 - PHP Warning:  copy(C:/xampp/htdocs/lebanse/image/import/womenlingerie-&amp;-sleepwearshapewears//sc01s-0005black-couture-scandale-m-original-imadk8xspfg9pyfy.jpeg): failed to open stream: No such file or directory in C:\xampp\htdocs\lebanse\admin\model\feed\hansoftz_feed.php on line 190
2015-11-03 11:42:35 - PHP Warning:  mkdir(): No such file or directory in C:\xampp\htdocs\lebanse\admin\model\feed\hansoftz_feed.php on line 189
2015-11-03 11:42:35 - PHP Warning:  copy(C:/xampp/htdocs/lebanse/image/import/womenlingerie-&amp;-sleepwearshapewears//sc01s-0005black-couture-scandale-m-original-imadk8xspfg9pyfy.jpeg): failed to open stream: No such file or directory in C:\xampp\htdocs\lebanse\admin\model\feed\hansoftz_feed.php on line 190
2015-11-03 11:42:35 - PHP Warning:  mkdir(): No such file or directory in C:\xampp\htdocs\lebanse\admin\model\feed\hansoftz_feed.php on line 189
2015-11-03 11:42:35 - PHP Warning:  copy(C:/xampp/htdocs/lebanse/image/import/womenlingerie-&amp;-sleepwearshapewears//sc01s-0005black-couture-scandale-m-original-imadk8xspfg9pyfy.jpeg): failed to open stream: No such file or directory in C:\xampp\htdocs\lebanse\admin\model\feed\hansoftz_feed.php on line 190
2015-11-03 11:42:35 - PHP Warning:  mkdir(): No such file or directory in C:\xampp\htdocs\lebanse\admin\model\feed\hansoftz_feed.php on line 189
2015-11-03 11:42:36 - PHP Warning:  copy(C:/xampp/htdocs/lebanse/image/import/womenlingerie-&amp;-sleepwearshapewears//sc01s-0005black-couture-scandale-l-original-imadvge8sfjeqz7d.jpeg): failed to open stream: No such file or directory in C:\xampp\htdocs\lebanse\admin\model\feed\hansoftz_feed.php on line 190
2015-11-03 11:42:36 - PHP Warning:  mkdir(): No such file or directory in C:\xampp\htdocs\lebanse\admin\model\feed\hansoftz_feed.php on line 189
2015-11-03 11:42:36 - PHP Warning:  copy(C:/xampp/htdocs/lebanse/image/import/womenlingerie-&amp;-sleepwearshapewears//sc01s-0007champagne-gold-scandale-l-original-imadvge8tvcutzjz.jpeg): failed to open stream: No such file or directory in C:\xampp\htdocs\lebanse\admin\model\feed\hansoftz_feed.php on line 190
2015-11-03 11:42:36 - PHP Warning:  mkdir(): No such file or directory in C:\xampp\htdocs\lebanse\admin\model\feed\hansoftz_feed.php on line 189
2015-11-03 11:42:36 - PHP Warning:  copy(C:/xampp/htdocs/lebanse/image/import/womenlingerie-&amp;-sleepwearshapewears//sc01s-0007champagne-gold-scandale-l-original-imadvge8tvcutzjz.jpeg): failed to open stream: No such file or directory in C:\xampp\htdocs\lebanse\admin\model\feed\hansoftz_feed.php on line 190
2015-11-03 11:42:36 - PHP Warning:  mkdir(): No such file or directory in C:\xampp\htdocs\lebanse\admin\model\feed\hansoftz_feed.php on line 189
2015-11-03 11:42:36 - PHP Warning:  copy(C:/xampp/htdocs/lebanse/image/import/womenlingerie-&amp;-sleepwearshapewears//sc01s-0007champagne-gold-scandale-l-original-imadvge8tvcutzjz.jpeg): failed to open stream: No such file or directory in C:\xampp\htdocs\lebanse\admin\model\feed\hansoftz_feed.php on line 190
2015-11-03 11:42:36 - PHP Warning:  mkdir(): No such file or directory in C:\xampp\htdocs\lebanse\admin\model\feed\hansoftz_feed.php on line 189
2015-11-03 11:42:36 - PHP Warning:  copy(C:/xampp/htdocs/lebanse/image/import/womenlingerie-&amp;-sleepwearshapewears//sc01s-0007black-couture-scandale-s-original-imadvge8ffsyguda.jpeg): failed to open stream: No such file or directory in C:\xampp\htdocs\lebanse\admin\model\feed\hansoftz_feed.php on line 190
2015-11-03 11:42:36 - PHP Warning:  mkdir(): No such file or directory in C:\xampp\htdocs\lebanse\admin\model\feed\hansoftz_feed.php on line 189
2015-11-03 11:42:36 - PHP Warning:  copy(C:/xampp/htdocs/lebanse/image/import/womenlingerie-&amp;-sleepwearshapewears//sc01s-0007black-couture-scandale-s-original-imadvge8ffsyguda.jpeg): failed to open stream: No such file or directory in C:\xampp\htdocs\lebanse\admin\model\feed\hansoftz_feed.php on line 190
2015-11-03 11:44:15 - PHP Warning:  mkdir(): No such file or directory in C:\xampp\htdocs\lebanse\admin\model\feed\hansoftz_feed.php on line 189
2015-11-03 11:44:15 - PHP Warning:  copy(C:/xampp/htdocs/lebanse/image/import/womenlingerie-&amp;-sleepwearshapewears/83bd901-4-pl-hanes-m-original-imadqy6qu2zsmdyz.jpeg): failed to open stream: No such file or directory in C:\xampp\htdocs\lebanse\admin\model\feed\hansoftz_feed.php on line 190
2015-11-03 11:44:15 - PHP Warning:  mkdir(): No such file or directory in C:\xampp\htdocs\lebanse\admin\model\feed\hansoftz_feed.php on line 189
2015-11-03 11:44:15 - PHP Warning:  copy(C:/xampp/htdocs/lebanse/image/import/womenlingerie-&amp;-sleepwearshapewears/sc01s-0007champagne-gold-scandale-l-original-imadvge8tvcutzjz.jpeg): failed to open stream: No such file or directory in C:\xampp\htdocs\lebanse\admin\model\feed\hansoftz_feed.php on line 190
2015-11-03 11:44:15 - PHP Warning:  mkdir(): No such file or directory in C:\xampp\htdocs\lebanse\admin\model\feed\hansoftz_feed.php on line 189
2015-11-03 11:44:15 - PHP Warning:  copy(C:/xampp/htdocs/lebanse/image/import/womenlingerie-&amp;-sleepwearshapewears/sc01s-0005black-couture-scandale-m-original-imadk8xspfg9pyfy.jpeg): failed to open stream: No such file or directory in C:\xampp\htdocs\lebanse\admin\model\feed\hansoftz_feed.php on line 190
2015-11-03 11:44:15 - PHP Warning:  mkdir(): No such file or directory in C:\xampp\htdocs\lebanse\admin\model\feed\hansoftz_feed.php on line 189
2015-11-03 11:44:16 - PHP Warning:  copy(C:/xampp/htdocs/lebanse/image/import/womenlingerie-&amp;-sleepwearshapewears/sc01s-0005black-couture-scandale-m-original-imadk8xspfg9pyfy.jpeg): failed to open stream: No such file or directory in C:\xampp\htdocs\lebanse\admin\model\feed\hansoftz_feed.php on line 190
2015-11-03 11:44:16 - PHP Warning:  mkdir(): No such file or directory in C:\xampp\htdocs\lebanse\admin\model\feed\hansoftz_feed.php on line 189
2015-11-03 11:44:16 - PHP Warning:  copy(C:/xampp/htdocs/lebanse/image/import/womenlingerie-&amp;-sleepwearshapewears/sc01s-0005black-couture-scandale-m-original-imadk8xspfg9pyfy.jpeg): failed to open stream: No such file or directory in C:\xampp\htdocs\lebanse\admin\model\feed\hansoftz_feed.php on line 190
2015-11-03 11:44:16 - PHP Warning:  mkdir(): No such file or directory in C:\xampp\htdocs\lebanse\admin\model\feed\hansoftz_feed.php on line 189
2015-11-03 11:44:16 - PHP Warning:  copy(C:/xampp/htdocs/lebanse/image/import/womenlingerie-&amp;-sleepwearshapewears/sc01s-0005black-couture-scandale-l-original-imadvge8sfjeqz7d.jpeg): failed to open stream: No such file or directory in C:\xampp\htdocs\lebanse\admin\model\feed\hansoftz_feed.php on line 190
2015-11-03 11:44:16 - PHP Warning:  mkdir(): No such file or directory in C:\xampp\htdocs\lebanse\admin\model\feed\hansoftz_feed.php on line 189
2015-11-03 11:44:16 - PHP Warning:  copy(C:/xampp/htdocs/lebanse/image/import/womenlingerie-&amp;-sleepwearshapewears/sc01s-0007champagne-gold-scandale-l-original-imadvge8tvcutzjz.jpeg): failed to open stream: No such file or directory in C:\xampp\htdocs\lebanse\admin\model\feed\hansoftz_feed.php on line 190
2015-11-03 11:44:16 - PHP Warning:  mkdir(): No such file or directory in C:\xampp\htdocs\lebanse\admin\model\feed\hansoftz_feed.php on line 189
2015-11-03 11:44:17 - PHP Warning:  copy(C:/xampp/htdocs/lebanse/image/import/womenlingerie-&amp;-sleepwearshapewears/sc01s-0007champagne-gold-scandale-l-original-imadvge8tvcutzjz.jpeg): failed to open stream: No such file or directory in C:\xampp\htdocs\lebanse\admin\model\feed\hansoftz_feed.php on line 190
2015-11-03 11:44:17 - PHP Warning:  mkdir(): No such file or directory in C:\xampp\htdocs\lebanse\admin\model\feed\hansoftz_feed.php on line 189
2015-11-03 11:44:17 - PHP Warning:  copy(C:/xampp/htdocs/lebanse/image/import/womenlingerie-&amp;-sleepwearshapewears/sc01s-0007champagne-gold-scandale-l-original-imadvge8tvcutzjz.jpeg): failed to open stream: No such file or directory in C:\xampp\htdocs\lebanse\admin\model\feed\hansoftz_feed.php on line 190
2015-11-03 11:44:17 - PHP Warning:  mkdir(): No such file or directory in C:\xampp\htdocs\lebanse\admin\model\feed\hansoftz_feed.php on line 189
2015-11-03 11:44:17 - PHP Warning:  copy(C:/xampp/htdocs/lebanse/image/import/womenlingerie-&amp;-sleepwearshapewears/sc01s-0007black-couture-scandale-s-original-imadvge8ffsyguda.jpeg): failed to open stream: No such file or directory in C:\xampp\htdocs\lebanse\admin\model\feed\hansoftz_feed.php on line 190
2015-11-03 11:44:17 - PHP Warning:  mkdir(): No such file or directory in C:\xampp\htdocs\lebanse\admin\model\feed\hansoftz_feed.php on line 189
2015-11-03 11:44:17 - PHP Warning:  copy(C:/xampp/htdocs/lebanse/image/import/womenlingerie-&amp;-sleepwearshapewears/sc01s-0007black-couture-scandale-s-original-imadvge8ffsyguda.jpeg): failed to open stream: No such file or directory in C:\xampp\htdocs\lebanse\admin\model\feed\hansoftz_feed.php on line 190
2015-11-03 11:55:36 - PHP Warning:  mkdir(): No such file or directory in C:\xampp\htdocs\lebanse\admin\model\feed\hansoftz_feed.php on line 190
2015-11-03 11:55:36 - PHP Warning:  copy(C:/xampp/htdocs/lebanse/image/import/women/lingerie-&amp;-sleepwear/shapewears/83bd901-4-pl-hanes-m-original-imadqy6qu2zsmdyz.jpeg): failed to open stream: No such file or directory in C:\xampp\htdocs\lebanse\admin\model\feed\hansoftz_feed.php on line 191
2015-11-03 11:55:36 - PHP Warning:  mkdir(): No such file or directory in C:\xampp\htdocs\lebanse\admin\model\feed\hansoftz_feed.php on line 190
2015-11-03 11:55:37 - PHP Warning:  copy(C:/xampp/htdocs/lebanse/image/import/women/lingerie-&amp;-sleepwear/shapewears/sc01s-0007champagne-gold-scandale-l-original-imadvge8tvcutzjz.jpeg): failed to open stream: No such file or directory in C:\xampp\htdocs\lebanse\admin\model\feed\hansoftz_feed.php on line 191
2015-11-03 11:55:37 - PHP Warning:  mkdir(): No such file or directory in C:\xampp\htdocs\lebanse\admin\model\feed\hansoftz_feed.php on line 190
2015-11-03 11:55:37 - PHP Warning:  copy(C:/xampp/htdocs/lebanse/image/import/women/lingerie-&amp;-sleepwear/shapewears/sc01s-0005black-couture-scandale-m-original-imadk8xspfg9pyfy.jpeg): failed to open stream: No such file or directory in C:\xampp\htdocs\lebanse\admin\model\feed\hansoftz_feed.php on line 191
2015-11-03 11:55:37 - PHP Warning:  mkdir(): No such file or directory in C:\xampp\htdocs\lebanse\admin\model\feed\hansoftz_feed.php on line 190
2015-11-03 11:55:37 - PHP Warning:  copy(C:/xampp/htdocs/lebanse/image/import/women/lingerie-&amp;-sleepwear/shapewears/sc01s-0005black-couture-scandale-m-original-imadk8xspfg9pyfy.jpeg): failed to open stream: No such file or directory in C:\xampp\htdocs\lebanse\admin\model\feed\hansoftz_feed.php on line 191
2015-11-03 11:55:37 - PHP Warning:  mkdir(): No such file or directory in C:\xampp\htdocs\lebanse\admin\model\feed\hansoftz_feed.php on line 190
2015-11-03 11:55:37 - PHP Warning:  copy(C:/xampp/htdocs/lebanse/image/import/women/lingerie-&amp;-sleepwear/shapewears/sc01s-0005black-couture-scandale-m-original-imadk8xspfg9pyfy.jpeg): failed to open stream: No such file or directory in C:\xampp\htdocs\lebanse\admin\model\feed\hansoftz_feed.php on line 191
2015-11-03 11:55:37 - PHP Warning:  mkdir(): No such file or directory in C:\xampp\htdocs\lebanse\admin\model\feed\hansoftz_feed.php on line 190
2015-11-03 11:55:38 - PHP Warning:  copy(C:/xampp/htdocs/lebanse/image/import/women/lingerie-&amp;-sleepwear/shapewears/sc01s-0005black-couture-scandale-l-original-imadvge8sfjeqz7d.jpeg): failed to open stream: No such file or directory in C:\xampp\htdocs\lebanse\admin\model\feed\hansoftz_feed.php on line 191
2015-11-03 11:55:38 - PHP Warning:  mkdir(): No such file or directory in C:\xampp\htdocs\lebanse\admin\model\feed\hansoftz_feed.php on line 190
2015-11-03 11:55:38 - PHP Warning:  copy(C:/xampp/htdocs/lebanse/image/import/women/lingerie-&amp;-sleepwear/shapewears/sc01s-0007champagne-gold-scandale-l-original-imadvge8tvcutzjz.jpeg): failed to open stream: No such file or directory in C:\xampp\htdocs\lebanse\admin\model\feed\hansoftz_feed.php on line 191
2015-11-03 11:55:38 - PHP Warning:  mkdir(): No such file or directory in C:\xampp\htdocs\lebanse\admin\model\feed\hansoftz_feed.php on line 190
2015-11-03 11:55:38 - PHP Warning:  copy(C:/xampp/htdocs/lebanse/image/import/women/lingerie-&amp;-sleepwear/shapewears/sc01s-0007champagne-gold-scandale-l-original-imadvge8tvcutzjz.jpeg): failed to open stream: No such file or directory in C:\xampp\htdocs\lebanse\admin\model\feed\hansoftz_feed.php on line 191
2015-11-03 11:55:38 - PHP Warning:  mkdir(): No such file or directory in C:\xampp\htdocs\lebanse\admin\model\feed\hansoftz_feed.php on line 190
2015-11-03 11:55:39 - PHP Warning:  copy(C:/xampp/htdocs/lebanse/image/import/women/lingerie-&amp;-sleepwear/shapewears/sc01s-0007champagne-gold-scandale-l-original-imadvge8tvcutzjz.jpeg): failed to open stream: No such file or directory in C:\xampp\htdocs\lebanse\admin\model\feed\hansoftz_feed.php on line 191
2015-11-03 11:55:39 - PHP Warning:  mkdir(): No such file or directory in C:\xampp\htdocs\lebanse\admin\model\feed\hansoftz_feed.php on line 190
2015-11-03 11:55:39 - PHP Warning:  copy(C:/xampp/htdocs/lebanse/image/import/women/lingerie-&amp;-sleepwear/shapewears/sc01s-0007black-couture-scandale-s-original-imadvge8ffsyguda.jpeg): failed to open stream: No such file or directory in C:\xampp\htdocs\lebanse\admin\model\feed\hansoftz_feed.php on line 191
2015-11-03 11:55:39 - PHP Warning:  mkdir(): No such file or directory in C:\xampp\htdocs\lebanse\admin\model\feed\hansoftz_feed.php on line 190
2015-11-03 11:55:39 - PHP Warning:  copy(C:/xampp/htdocs/lebanse/image/import/women/lingerie-&amp;-sleepwear/shapewears/sc01s-0007black-couture-scandale-s-original-imadvge8ffsyguda.jpeg): failed to open stream: No such file or directory in C:\xampp\htdocs\lebanse\admin\model\feed\hansoftz_feed.php on line 191
